Connecting to database specified by database.yml


Started GET "/" for 127.0.0.1 at 2014-06-18 23:25:48 -0700
Processing by GraduatesController#index as HTML
  Rendered graduates/index.html.erb within layouts/application (2.4ms)
Warning. Error encountered while saving cache /Users/tiffanykaiser/Desktop/BootTrack/tmp/cache/sass/558d5d6b4dca6c39707ad1ebec062fbb9c93bbeb/style.css.scssc: can't dump anonymous class #<Class:0x00000104b3db48>

Compiled style.css  (85ms)  (pid 94702)
Compiled application.css  (2ms)  (pid 94702)
Compiled controller.js  (0ms)  (pid 94702)
Compiled application.js  (6ms)  (pid 94702)
Completed 200 OK in 310.5ms (Views: 309.9ms | ActiveRecord: 0.0ms)


Started GET "/assets/style.css?body=1" for 127.0.0.1 at 2014-06-18 23:25:48 -0700
Served asset /style.css - 200 OK (3ms)


Started GET "/assets/jquery.js?body=1" for 127.0.0.1 at 2014-06-18 23:25:48 -0700
Served asset /jquery.js - 200 OK (3ms)


Started GET "/assets/application.css?body=1" for 127.0.0.1 at 2014-06-18 23:25:48 -0700
Served asset /application.css - 200 OK (4ms)


Started GET "/assets/mustache.js?body=1" for 127.0.0.1 at 2014-06-18 23:25:48 -0700
Served asset /mustache.js - 200 OK (2ms)


Started GET "/assets/jquery_ujs.js?body=1" for 127.0.0.1 at 2014-06-18 23:25:48 -0700
Served asset /jquery_ujs.js - 200 OK (6ms)


Started GET "/assets/controller.js?body=1" for 127.0.0.1 at 2014-06-18 23:25:48 -0700
Served asset /controller.js - 200 OK (1ms)


Started GET "/assets/map.js?body=1" for 127.0.0.1 at 2014-06-18 23:25:48 -0700
Served asset /map.js - 200 OK (1ms)


Started GET "/assets/initialize.js?body=1" for 127.0.0.1 at 2014-06-18 23:25:48 -0700
Served asset /initialize.js - 200 OK (1ms)


Started GET "/assets/application.js?body=1" for 127.0.0.1 at 2014-06-18 23:25:48 -0700
Served asset /application.js - 200 OK (114ms)


Started GET "/assets/normalize.css?body=1" for 127.0.0.1 at 2014-06-18 23:25:49 -0700
Served asset /normalize.css - 200 OK (2ms)


Started GET "/assets/sf.jpg" for 127.0.0.1 at 2014-06-18 23:25:49 -0700
Served asset /sf.jpg - 200 OK (43ms)


Started GET "/graduates/search?campus=default&year=default" for 127.0.0.1 at 2014-06-18 23:25:55 -0700
Processing by GraduatesController#search as */*
  Parameters: {"campus"=>"default", "year"=>"default"}
  [1m[36mSQL (0.5ms)[0m  [1mSELECT "cohorts"."campus" FROM "cohorts" [0m
  [1m[35mSQL (0.9ms)[0m  SELECT extract(year from start_date) FROM "cohorts" 
  [1m[36mGraduate Load (5.8ms)[0m  [1mSELECT graduates.*, cohorts.start_date as start_date, cohorts.campus as campus FROM "graduates" INNER JOIN "cohorts" ON "cohorts"."id" = "graduates"."cohort_id" WHERE "cohorts"."campus" IN ('Chicago', 'San Francisco', 'New York City') AND (extract(year from start_date) IN ('2014','2013','2012','2011')) ORDER BY start_date DESC LIMIT 100[0m
Completed 200 OK in 298.0ms (Views: 0.2ms | ActiveRecord: 17.2ms)


Started GET "/graduates/locations" for 127.0.0.1 at 2014-06-18 23:26:10 -0700
Processing by GraduatesController#locations as */*
  [1m[35mSQL (0.5ms)[0m  SELECT "cohorts"."campus" FROM "cohorts" 
  [1m[36mSQL (0.5ms)[0m  [1mSELECT extract(year from start_date) FROM "cohorts" [0m
  [1m[35mGraduate Load (2.6ms)[0m  SELECT latitude,longitude,location, count(name) as grads_number FROM "graduates" INNER JOIN "cohorts" ON "cohorts"."id" = "graduates"."cohort_id" WHERE "cohorts"."campus" IN ('Chicago', 'San Francisco', 'New York City') AND (extract(year from start_date) IN ('2014','2013','2012','2011')) GROUP BY latitude,longitude,location
Completed 200 OK in 8.5ms (Views: 0.2ms | ActiveRecord: 3.5ms)


Started GET "/" for 127.0.0.1 at 2014-06-18 23:37:09 -0700
Processing by GraduatesController#index as HTML
  Rendered graduates/index.html.erb within layouts/application (0.1ms)
Warning. Error encountered while saving cache /Users/tiffanykaiser/Desktop/BootTrack/tmp/cache/sass/558d5d6b4dca6c39707ad1ebec062fbb9c93bbeb/style.css.scssc: can't dump anonymous class #<Class:0x00000104b3db48>

Compiled style.css  (66ms)  (pid 94702)
Compiled application.css  (20ms)  (pid 94702)
Completed 200 OK in 237.2ms (Views: 236.9ms | ActiveRecord: 0.0ms)


Started GET "/assets/controller.js?body=1" for 127.0.0.1 at 2014-06-18 23:37:09 -0700
Served asset /controller.js - 304 Not Modified (0ms)


Started GET "/assets/application.css?body=1" for 127.0.0.1 at 2014-06-18 23:37:09 -0700
Served asset /application.css - 304 Not Modified (4ms)


Started GET "/assets/jquery_ujs.js?body=1" for 127.0.0.1 at 2014-06-18 23:37:09 -0700
Served asset /jquery_ujs.js - 304 Not Modified (0ms)


Started GET "/assets/mustache.js?body=1" for 127.0.0.1 at 2014-06-18 23:37:09 -0700
Served asset /mustache.js - 304 Not Modified (0ms)


Started GET "/assets/style.css?body=1" for 127.0.0.1 at 2014-06-18 23:37:09 -0700
Served asset /style.css - 200 OK (2ms)


Started GET "/assets/jquery.js?body=1" for 127.0.0.1 at 2014-06-18 23:37:10 -0700
Served asset /jquery.js - 304 Not Modified (0ms)


Started GET "/assets/initialize.js?body=1" for 127.0.0.1 at 2014-06-18 23:37:10 -0700
Served asset /initialize.js - 304 Not Modified (0ms)


Started GET "/assets/normalize.css?body=1" for 127.0.0.1 at 2014-06-18 23:37:10 -0700
Served asset /normalize.css - 304 Not Modified (0ms)


Started GET "/assets/map.js?body=1" for 127.0.0.1 at 2014-06-18 23:37:10 -0700
Served asset /map.js - 304 Not Modified (0ms)


Started GET "/assets/application.js?body=1" for 127.0.0.1 at 2014-06-18 23:37:10 -0700
Served asset /application.js - 304 Not Modified (0ms)


Started GET "/assets/sf.jpg" for 127.0.0.1 at 2014-06-18 23:37:10 -0700
Served asset /sf.jpg - 304 Not Modified (0ms)


Started GET "/graduates/search?campus=default&year=default" for 127.0.0.1 at 2014-06-18 23:37:13 -0700
Processing by GraduatesController#search as */*
  Parameters: {"campus"=>"default", "year"=>"default"}
  [1m[36mSQL (0.9ms)[0m  [1mSELECT "cohorts"."campus" FROM "cohorts" [0m
  [1m[35mSQL (0.6ms)[0m  SELECT extract(year from start_date) FROM "cohorts" 
  [1m[36mGraduate Load (5.2ms)[0m  [1mSELECT graduates.*, cohorts.start_date as start_date, cohorts.campus as campus FROM "graduates" INNER JOIN "cohorts" ON "cohorts"."id" = "graduates"."cohort_id" WHERE "cohorts"."campus" IN ('Chicago', 'San Francisco', 'New York City') AND (extract(year from start_date) IN ('2014','2013','2012','2011')) ORDER BY start_date DESC LIMIT 100[0m
Completed 200 OK in 154.0ms (Views: 0.2ms | ActiveRecord: 6.7ms)


Started GET "/" for 127.0.0.1 at 2014-06-18 23:39:52 -0700
Processing by GraduatesController#index as HTML
  Rendered graduates/index.html.erb within layouts/application (0.1ms)
Warning. Error encountered while saving cache /Users/tiffanykaiser/Desktop/BootTrack/tmp/cache/sass/558d5d6b4dca6c39707ad1ebec062fbb9c93bbeb/style.css.scssc: can't dump anonymous class #<Class:0x00000104b3db48>

Compiled style.css  (63ms)  (pid 94702)
Compiled application.css  (2ms)  (pid 94702)
Completed 200 OK in 85.7ms (Views: 85.4ms | ActiveRecord: 0.0ms)


Started GET "/assets/normalize.css?body=1" for 127.0.0.1 at 2014-06-18 23:39:52 -0700
Served asset /normalize.css - 304 Not Modified (0ms)


Started GET "/assets/application.css?body=1" for 127.0.0.1 at 2014-06-18 23:39:52 -0700
Served asset /application.css - 304 Not Modified (7ms)


Started GET "/assets/jquery_ujs.js?body=1" for 127.0.0.1 at 2014-06-18 23:39:52 -0700
Served asset /jquery_ujs.js - 304 Not Modified (0ms)


Started GET "/assets/mustache.js?body=1" for 127.0.0.1 at 2014-06-18 23:39:52 -0700
Served asset /mustache.js - 304 Not Modified (0ms)


Started GET "/assets/jquery.js?body=1" for 127.0.0.1 at 2014-06-18 23:39:52 -0700
Served asset /jquery.js - 304 Not Modified (0ms)


Started GET "/assets/controller.js?body=1" for 127.0.0.1 at 2014-06-18 23:39:52 -0700
Served asset /controller.js - 304 Not Modified (0ms)


Started GET "/assets/style.css?body=1" for 127.0.0.1 at 2014-06-18 23:39:52 -0700
Served asset /style.css - 200 OK (2ms)


Started GET "/assets/initialize.js?body=1" for 127.0.0.1 at 2014-06-18 23:39:52 -0700
Served asset /initialize.js - 304 Not Modified (0ms)


Started GET "/assets/application.js?body=1" for 127.0.0.1 at 2014-06-18 23:39:52 -0700
Served asset /application.js - 304 Not Modified (0ms)


Started GET "/assets/map.js?body=1" for 127.0.0.1 at 2014-06-18 23:39:52 -0700
Served asset /map.js - 304 Not Modified (0ms)


Started GET "/assets/sf.jpg" for 127.0.0.1 at 2014-06-18 23:39:52 -0700
Served asset /sf.jpg - 304 Not Modified (0ms)


Started GET "/graduates/search?campus=default&year=default" for 127.0.0.1 at 2014-06-18 23:39:54 -0700
Processing by GraduatesController#search as */*
  Parameters: {"campus"=>"default", "year"=>"default"}
  [1m[35mSQL (0.5ms)[0m  SELECT "cohorts"."campus" FROM "cohorts" 
  [1m[36mSQL (0.4ms)[0m  [1mSELECT extract(year from start_date) FROM "cohorts" [0m
  [1m[35mGraduate Load (4.4ms)[0m  SELECT graduates.*, cohorts.start_date as start_date, cohorts.campus as campus FROM "graduates" INNER JOIN "cohorts" ON "cohorts"."id" = "graduates"."cohort_id" WHERE "cohorts"."campus" IN ('Chicago', 'San Francisco', 'New York City') AND (extract(year from start_date) IN ('2014','2013','2012','2011')) ORDER BY start_date DESC LIMIT 100
Completed 200 OK in 70.4ms (Views: 0.2ms | ActiveRecord: 5.4ms)


Started GET "/" for 127.0.0.1 at 2014-06-18 23:40:37 -0700
Processing by GraduatesController#index as HTML
  Rendered graduates/index.html.erb within layouts/application (0.1ms)
Warning. Error encountered while saving cache /Users/tiffanykaiser/Desktop/BootTrack/tmp/cache/sass/558d5d6b4dca6c39707ad1ebec062fbb9c93bbeb/style.css.scssc: can't dump anonymous class #<Class:0x00000104b3db48>

Compiled style.css  (63ms)  (pid 94702)
Compiled application.css  (2ms)  (pid 94702)
Completed 200 OK in 168.4ms (Views: 168.2ms | ActiveRecord: 0.0ms)


Started GET "/assets/jquery.js?body=1" for 127.0.0.1 at 2014-06-18 23:40:37 -0700
Served asset /jquery.js - 304 Not Modified (0ms)


Started GET "/assets/application.css?body=1" for 127.0.0.1 at 2014-06-18 23:40:37 -0700
Served asset /application.css - 304 Not Modified (6ms)


Started GET "/assets/style.css?body=1" for 127.0.0.1 at 2014-06-18 23:40:37 -0700
Served asset /style.css - 200 OK (2ms)


Started GET "/assets/jquery_ujs.js?body=1" for 127.0.0.1 at 2014-06-18 23:40:37 -0700
Served asset /jquery_ujs.js - 304 Not Modified (0ms)


Started GET "/assets/mustache.js?body=1" for 127.0.0.1 at 2014-06-18 23:40:37 -0700
Served asset /mustache.js - 304 Not Modified (0ms)


Started GET "/assets/controller.js?body=1" for 127.0.0.1 at 2014-06-18 23:40:37 -0700
Served asset /controller.js - 304 Not Modified (0ms)


Started GET "/assets/initialize.js?body=1" for 127.0.0.1 at 2014-06-18 23:40:37 -0700
Served asset /initialize.js - 304 Not Modified (0ms)


Started GET "/assets/application.js?body=1" for 127.0.0.1 at 2014-06-18 23:40:38 -0700
Served asset /application.js - 304 Not Modified (0ms)


Started GET "/assets/map.js?body=1" for 127.0.0.1 at 2014-06-18 23:40:38 -0700
Served asset /map.js - 304 Not Modified (0ms)


Started GET "/assets/normalize.css?body=1" for 127.0.0.1 at 2014-06-18 23:40:38 -0700
Served asset /normalize.css - 304 Not Modified (0ms)


Started GET "/assets/sf.jpg" for 127.0.0.1 at 2014-06-18 23:40:38 -0700
Served asset /sf.jpg - 304 Not Modified (0ms)


Started GET "/" for 127.0.0.1 at 2014-06-18 23:41:02 -0700
Processing by GraduatesController#index as HTML
  Rendered graduates/index.html.erb within layouts/application (0.1ms)
Warning. Error encountered while saving cache /Users/tiffanykaiser/Desktop/BootTrack/tmp/cache/sass/558d5d6b4dca6c39707ad1ebec062fbb9c93bbeb/style.css.scssc: can't dump anonymous class #<Class:0x00000104b3db48>

Compiled style.css  (63ms)  (pid 94702)
Compiled application.css  (2ms)  (pid 94702)
Completed 200 OK in 105.9ms (Views: 105.6ms | ActiveRecord: 0.0ms)


Started GET "/assets/application.css?body=1" for 127.0.0.1 at 2014-06-18 23:41:02 -0700
Served asset /application.css - 200 OK (4ms)


Started GET "/assets/style.css?body=1" for 127.0.0.1 at 2014-06-18 23:41:02 -0700
Served asset /style.css - 200 OK (2ms)


Started GET "/assets/jquery.js?body=1" for 127.0.0.1 at 2014-06-18 23:41:02 -0700
Served asset /jquery.js - 200 OK (0ms)


Started GET "/assets/jquery_ujs.js?body=1" for 127.0.0.1 at 2014-06-18 23:41:02 -0700
Served asset /jquery_ujs.js - 200 OK (0ms)


Started GET "/assets/mustache.js?body=1" for 127.0.0.1 at 2014-06-18 23:41:02 -0700
Served asset /mustache.js - 200 OK (0ms)


Started GET "/assets/controller.js?body=1" for 127.0.0.1 at 2014-06-18 23:41:02 -0700
Served asset /controller.js - 200 OK (0ms)


Started GET "/assets/initialize.js?body=1" for 127.0.0.1 at 2014-06-18 23:41:02 -0700
Served asset /initialize.js - 200 OK (0ms)


Started GET "/assets/map.js?body=1" for 127.0.0.1 at 2014-06-18 23:41:02 -0700
Served asset /map.js - 200 OK (0ms)


Started GET "/assets/application.js?body=1" for 127.0.0.1 at 2014-06-18 23:41:02 -0700
Served asset /application.js - 200 OK (0ms)


Started GET "/assets/normalize.css?body=1" for 127.0.0.1 at 2014-06-18 23:41:02 -0700
Served asset /normalize.css - 200 OK (0ms)


Started GET "/assets/sf.jpg" for 127.0.0.1 at 2014-06-18 23:41:02 -0700
Served asset /sf.jpg - 200 OK (0ms)


Started GET "/graduates/search?campus=default&year=default" for 127.0.0.1 at 2014-06-18 23:41:51 -0700
Processing by GraduatesController#search as */*
  Parameters: {"campus"=>"default", "year"=>"default"}
  [1m[36mSQL (0.5ms)[0m  [1mSELECT "cohorts"."campus" FROM "cohorts" [0m
  [1m[35mSQL (0.5ms)[0m  SELECT extract(year from start_date) FROM "cohorts" 
  [1m[36mGraduate Load (4.1ms)[0m  [1mSELECT graduates.*, cohorts.start_date as start_date, cohorts.campus as campus FROM "graduates" INNER JOIN "cohorts" ON "cohorts"."id" = "graduates"."cohort_id" WHERE "cohorts"."campus" IN ('Chicago', 'San Francisco', 'New York City') AND (extract(year from start_date) IN ('2014','2013','2012','2011')) ORDER BY start_date DESC LIMIT 100[0m
Completed 200 OK in 68.7ms (Views: 0.2ms | ActiveRecord: 5.1ms)


Started GET "/" for 127.0.0.1 at 2014-06-18 23:42:28 -0700
Processing by GraduatesController#index as HTML
  Rendered graduates/index.html.erb within layouts/application (0.1ms)
Warning. Error encountered while saving cache /Users/tiffanykaiser/Desktop/BootTrack/tmp/cache/sass/558d5d6b4dca6c39707ad1ebec062fbb9c93bbeb/style.css.scssc: can't dump anonymous class #<Class:0x00000104b3db48>

Compiled style.css  (60ms)  (pid 94702)
Compiled application.css  (3ms)  (pid 94702)
Completed 200 OK in 133.5ms (Views: 133.2ms | ActiveRecord: 0.0ms)


Started GET "/assets/application.css?body=1" for 127.0.0.1 at 2014-06-18 23:42:28 -0700
Served asset /application.css - 304 Not Modified (4ms)


Started GET "/assets/style.css?body=1" for 127.0.0.1 at 2014-06-18 23:42:28 -0700
Served asset /style.css - 200 OK (11ms)


Started GET "/assets/jquery_ujs.js?body=1" for 127.0.0.1 at 2014-06-18 23:42:28 -0700
Served asset /jquery_ujs.js - 304 Not Modified (0ms)


Started GET "/assets/mustache.js?body=1" for 127.0.0.1 at 2014-06-18 23:42:28 -0700
Served asset /mustache.js - 304 Not Modified (0ms)


Started GET "/assets/jquery.js?body=1" for 127.0.0.1 at 2014-06-18 23:42:28 -0700
Served asset /jquery.js - 304 Not Modified (0ms)


Started GET "/assets/controller.js?body=1" for 127.0.0.1 at 2014-06-18 23:42:28 -0700
Served asset /controller.js - 304 Not Modified (0ms)


Started GET "/assets/map.js?body=1" for 127.0.0.1 at 2014-06-18 23:42:28 -0700
Served asset /map.js - 304 Not Modified (0ms)


Started GET "/assets/application.js?body=1" for 127.0.0.1 at 2014-06-18 23:42:28 -0700
Served asset /application.js - 304 Not Modified (0ms)


Started GET "/assets/initialize.js?body=1" for 127.0.0.1 at 2014-06-18 23:42:28 -0700
Served asset /initialize.js - 304 Not Modified (0ms)


Started GET "/assets/normalize.css?body=1" for 127.0.0.1 at 2014-06-18 23:42:28 -0700
Served asset /normalize.css - 304 Not Modified (0ms)


Started GET "/assets/sf.jpg" for 127.0.0.1 at 2014-06-18 23:42:29 -0700
Served asset /sf.jpg - 304 Not Modified (0ms)


Started GET "/" for 127.0.0.1 at 2014-06-18 23:46:23 -0700
Processing by GraduatesController#index as HTML
  Rendered graduates/index.html.erb within layouts/application (0.0ms)
Warning. Error encountered while saving cache /Users/tiffanykaiser/Desktop/BootTrack/tmp/cache/sass/558d5d6b4dca6c39707ad1ebec062fbb9c93bbeb/style.css.scssc: can't dump anonymous class #<Class:0x00000104b3db48>

Compiled style.css  (58ms)  (pid 94702)
Compiled application.css  (2ms)  (pid 94702)
Completed 200 OK in 183.8ms (Views: 183.5ms | ActiveRecord: 0.0ms)


Started GET "/assets/jquery_ujs.js?body=1" for 127.0.0.1 at 2014-06-18 23:46:24 -0700
Served asset /jquery_ujs.js - 304 Not Modified (0ms)


Started GET "/assets/application.css?body=1" for 127.0.0.1 at 2014-06-18 23:46:24 -0700
Served asset /application.css - 304 Not Modified (7ms)


Started GET "/assets/mustache.js?body=1" for 127.0.0.1 at 2014-06-18 23:46:24 -0700
Served asset /mustache.js - 304 Not Modified (0ms)


Started GET "/assets/jquery.js?body=1" for 127.0.0.1 at 2014-06-18 23:46:24 -0700
Served asset /jquery.js - 304 Not Modified (0ms)


Started GET "/assets/style.css?body=1" for 127.0.0.1 at 2014-06-18 23:46:24 -0700
Served asset /style.css - 200 OK (7ms)


Started GET "/assets/controller.js?body=1" for 127.0.0.1 at 2014-06-18 23:46:24 -0700
Served asset /controller.js - 304 Not Modified (0ms)


Started GET "/assets/map.js?body=1" for 127.0.0.1 at 2014-06-18 23:46:24 -0700
Served asset /map.js - 304 Not Modified (0ms)


Started GET "/assets/initialize.js?body=1" for 127.0.0.1 at 2014-06-18 23:46:24 -0700
Served asset /initialize.js - 304 Not Modified (0ms)


Started GET "/assets/application.js?body=1" for 127.0.0.1 at 2014-06-18 23:46:24 -0700
Served asset /application.js - 304 Not Modified (0ms)


Started GET "/assets/normalize.css?body=1" for 127.0.0.1 at 2014-06-18 23:46:24 -0700
Served asset /normalize.css - 304 Not Modified (0ms)


Started GET "/assets/sf.jpg" for 127.0.0.1 at 2014-06-18 23:46:24 -0700
Served asset /sf.jpg - 304 Not Modified (0ms)


Started GET "/" for 127.0.0.1 at 2014-06-18 23:53:12 -0700
Processing by GraduatesController#index as HTML
  Rendered graduates/index.html.erb within layouts/application (0.1ms)
Warning. Error encountered while saving cache /Users/tiffanykaiser/Desktop/BootTrack/tmp/cache/sass/558d5d6b4dca6c39707ad1ebec062fbb9c93bbeb/style.css.scssc: can't dump anonymous class #<Class:0x00000104b3db48>

Compiled style.css  (66ms)  (pid 94702)
Compiled application.css  (2ms)  (pid 94702)
Completed 200 OK in 171.9ms (Views: 171.7ms | ActiveRecord: 0.0ms)


Started GET "/assets/normalize.css?body=1" for 127.0.0.1 at 2014-06-18 23:53:13 -0700
Served asset /normalize.css - 304 Not Modified (0ms)


Started GET "/assets/application.css?body=1" for 127.0.0.1 at 2014-06-18 23:53:13 -0700
Served asset /application.css - 304 Not Modified (6ms)


Started GET "/assets/style.css?body=1" for 127.0.0.1 at 2014-06-18 23:53:13 -0700
Served asset /style.css - 200 OK (5ms)


Started GET "/assets/jquery_ujs.js?body=1" for 127.0.0.1 at 2014-06-18 23:53:13 -0700
Served asset /jquery_ujs.js - 304 Not Modified (0ms)


Started GET "/assets/jquery.js?body=1" for 127.0.0.1 at 2014-06-18 23:53:13 -0700
Served asset /jquery.js - 304 Not Modified (0ms)


Started GET "/assets/mustache.js?body=1" for 127.0.0.1 at 2014-06-18 23:53:13 -0700
Served asset /mustache.js - 304 Not Modified (0ms)


Started GET "/assets/controller.js?body=1" for 127.0.0.1 at 2014-06-18 23:53:13 -0700
Served asset /controller.js - 304 Not Modified (0ms)


Started GET "/assets/initialize.js?body=1" for 127.0.0.1 at 2014-06-18 23:53:13 -0700
Served asset /initialize.js - 304 Not Modified (0ms)


Started GET "/assets/application.js?body=1" for 127.0.0.1 at 2014-06-18 23:53:13 -0700
Served asset /application.js - 304 Not Modified (0ms)


Started GET "/assets/map.js?body=1" for 127.0.0.1 at 2014-06-18 23:53:13 -0700
Served asset /map.js - 304 Not Modified (0ms)


Started GET "/assets/sf.jpg" for 127.0.0.1 at 2014-06-18 23:53:13 -0700
Served asset /sf.jpg - 304 Not Modified (0ms)


Started GET "/" for 127.0.0.1 at 2014-06-18 23:55:21 -0700
Processing by GraduatesController#index as HTML
  Rendered graduates/index.html.erb within layouts/application (0.2ms)
Completed 200 OK in 41.8ms (Views: 41.6ms | ActiveRecord: 0.0ms)


Started GET "/assets/normalize.css?body=1" for 127.0.0.1 at 2014-06-18 23:55:21 -0700
Served asset /normalize.css - 304 Not Modified (0ms)


Started GET "/assets/mustache.js?body=1" for 127.0.0.1 at 2014-06-18 23:55:21 -0700
Served asset /mustache.js - 304 Not Modified (0ms)


Started GET "/assets/application.css?body=1" for 127.0.0.1 at 2014-06-18 23:55:21 -0700
Served asset /application.css - 304 Not Modified (0ms)


Started GET "/assets/jquery.js?body=1" for 127.0.0.1 at 2014-06-18 23:55:21 -0700
Served asset /jquery.js - 304 Not Modified (0ms)


Started GET "/assets/style.css?body=1" for 127.0.0.1 at 2014-06-18 23:55:21 -0700
Served asset /style.css - 304 Not Modified (0ms)


Started GET "/assets/jquery_ujs.js?body=1" for 127.0.0.1 at 2014-06-18 23:55:21 -0700
Served asset /jquery_ujs.js - 304 Not Modified (0ms)


Started GET "/assets/initialize.js?body=1" for 127.0.0.1 at 2014-06-18 23:55:21 -0700
Served asset /initialize.js - 304 Not Modified (0ms)


Started GET "/assets/application.js?body=1" for 127.0.0.1 at 2014-06-18 23:55:21 -0700
Served asset /application.js - 304 Not Modified (0ms)


Started GET "/assets/map.js?body=1" for 127.0.0.1 at 2014-06-18 23:55:21 -0700
Served asset /map.js - 304 Not Modified (0ms)


Started GET "/assets/controller.js?body=1" for 127.0.0.1 at 2014-06-18 23:55:21 -0700
Served asset /controller.js - 304 Not Modified (0ms)


Started GET "/graduates/search?campus=default&year=default" for 127.0.0.1 at 2014-06-18 23:55:28 -0700
Processing by GraduatesController#search as */*
  Parameters: {"campus"=>"default", "year"=>"default"}
  [1m[35mSQL (0.5ms)[0m  SELECT "cohorts"."campus" FROM "cohorts" 
  [1m[36mSQL (0.5ms)[0m  [1mSELECT extract(year from start_date) FROM "cohorts" [0m
  [1m[35mGraduate Load (3.9ms)[0m  SELECT graduates.*, cohorts.start_date as start_date, cohorts.campus as campus FROM "graduates" INNER JOIN "cohorts" ON "cohorts"."id" = "graduates"."cohort_id" WHERE "cohorts"."campus" IN ('Chicago', 'San Francisco', 'New York City') AND (extract(year from start_date) IN ('2014','2013','2012','2011')) ORDER BY start_date DESC LIMIT 100
Completed 200 OK in 67.1ms (Views: 0.2ms | ActiveRecord: 4.9ms)


Started GET "/graduates/search?campus=default&year=default" for 127.0.0.1 at 2014-06-18 23:56:50 -0700
Processing by GraduatesController#search as */*
  Parameters: {"campus"=>"default", "year"=>"default"}
  [1m[36mSQL (0.4ms)[0m  [1mSELECT "cohorts"."campus" FROM "cohorts" [0m
  [1m[35mSQL (0.4ms)[0m  SELECT extract(year from start_date) FROM "cohorts" 
  [1m[36mGraduate Load (5.0ms)[0m  [1mSELECT graduates.*, cohorts.start_date as start_date, cohorts.campus as campus FROM "graduates" INNER JOIN "cohorts" ON "cohorts"."id" = "graduates"."cohort_id" WHERE "cohorts"."campus" IN ('Chicago', 'San Francisco', 'New York City') AND (extract(year from start_date) IN ('2014','2013','2012','2011')) ORDER BY start_date DESC LIMIT 100[0m
Completed 200 OK in 150.8ms (Views: 0.3ms | ActiveRecord: 5.9ms)
Connecting to database specified by database.yml


Started GET "/" for 127.0.0.1 at 2014-06-18 23:58:48 -0700
Processing by GraduatesController#index as HTML
  Rendered graduates/index.html.erb within layouts/application (2.5ms)
Completed 500 Internal Server Error in 63.8ms

Sass::SyntaxError - Invalid CSS after "  font-family: ": expected expression (e.g. 1px, bold), was ";"
  (in /Users/tiffanykaiser/Desktop/BootTrack/app/assets/stylesheets/style.css.scss):
  app/assets/stylesheets/style.css.scss:80:in `'
  sass (3.3.8) lib/sass/scss/parser.rb:1312:in `expected'
  sass (3.3.8) lib/sass/script/lexer.rb:216:in `expected!'
  sass (3.3.8) lib/sass/script/parser.rb:571:in `assert_expr'
  sass (3.3.8) lib/sass/script/parser.rb:56:in `parse'
  sass (3.3.8) lib/sass/scss/parser.rb:1175:in `sass_script'
  sass (3.3.8) lib/sass/scss/parser.rb:1023:in `value!'
  sass (3.3.8) lib/sass/scss/parser.rb:985:in `declaration'
  sass (3.3.8) lib/sass/scss/parser.rb:688:in `block in declaration_or_ruleset'
  sass (3.3.8) lib/sass/scss/parser.rb:1288:in `call'
  sass (3.3.8) lib/sass/scss/parser.rb:1288:in `rethrow'
  sass (3.3.8) lib/sass/scss/parser.rb:698:in `declaration_or_ruleset'
  sass (3.3.8) lib/sass/scss/parser.rb:660:in `block_child'
  sass (3.3.8) lib/sass/scss/parser.rb:652:in `block_contents'
  sass (3.3.8) lib/sass/scss/parser.rb:641:in `block'
  sass (3.3.8) lib/sass/scss/parser.rb:634:in `ruleset'
  sass (3.3.8) lib/sass/scss/parser.rb:659:in `block_child'
  sass (3.3.8) lib/sass/scss/parser.rb:652:in `block_contents'
  sass (3.3.8) lib/sass/scss/parser.rb:116:in `stylesheet'
  sass (3.3.8) lib/sass/scss/parser.rb:41:in `parse'
  sass (3.3.8) lib/sass/engine.rb:409:in `_to_tree'
  sass (3.3.8) lib/sass/engine.rb:274:in `render'
  sass-rails (3.2.6) lib/sass/rails/template_handlers.rb:106:in `evaluate'
  tilt (1.4.1) lib/tilt/template.rb:103:in `render'
  sprockets (2.2.2) lib/sprockets/context.rb:193:in `block in evaluate'
  sprockets (2.2.2) lib/sprockets/context.rb:190:in `each'
  sprockets (2.2.2) lib/sprockets/context.rb:190:in `evaluate'
  sprockets (2.2.2) lib/sprockets/processed_asset.rb:12:in `initialize'
  sprockets (2.2.2) lib/sprockets/base.rb:249:in `new'
  sprockets (2.2.2) lib/sprockets/base.rb:249:in `block in build_asset'
  sprockets (2.2.2) lib/sprockets/base.rb:270:in `circular_call_protection'
  sprockets (2.2.2) lib/sprockets/base.rb:248:in `build_asset'
  sprockets (2.2.2) lib/sprockets/index.rb:93:in `block in build_asset'
  sprockets (2.2.2) lib/sprockets/caching.rb:19:in `cache_asset'
  sprockets (2.2.2) lib/sprockets/index.rb:92:in `build_asset'
  sprockets (2.2.2) lib/sprockets/base.rb:169:in `find_asset'
  sprockets (2.2.2) lib/sprockets/index.rb:60:in `find_asset'
  sprockets (2.2.2) lib/sprockets/processed_asset.rb:44:in `block in init_with'
  sprockets (2.2.2) lib/sprockets/processed_asset.rb:37:in `map'
  sprockets (2.2.2) lib/sprockets/processed_asset.rb:37:in `init_with'
  sprockets (2.2.2) lib/sprockets/asset.rb:24:in `from_hash'
  sprockets (2.2.2) lib/sprockets/caching.rb:15:in `cache_asset'
  sprockets (2.2.2) lib/sprockets/index.rb:92:in `build_asset'
  sprockets (2.2.2) lib/sprockets/base.rb:169:in `find_asset'
  sprockets (2.2.2) lib/sprockets/index.rb:60:in `find_asset'
  sprockets (2.2.2) lib/sprockets/bundled_asset.rb:38:in `init_with'
  sprockets (2.2.2) lib/sprockets/asset.rb:24:in `from_hash'
  sprockets (2.2.2) lib/sprockets/caching.rb:15:in `cache_asset'
  sprockets (2.2.2) lib/sprockets/index.rb:92:in `build_asset'
  sprockets (2.2.2) lib/sprockets/base.rb:169:in `find_asset'
  sprockets (2.2.2) lib/sprockets/index.rb:60:in `find_asset'
  sprockets (2.2.2) lib/sprockets/environment.rb:78:in `find_asset'
  sprockets (2.2.2) lib/sprockets/base.rb:177:in `[]'
  actionpack (3.2.18) lib/sprockets/helpers/rails_helper.rb:126:in `asset_for'
  actionpack (3.2.18) lib/sprockets/helpers/rails_helper.rb:44:in `block in stylesheet_link_tag'
  actionpack (3.2.18) lib/sprockets/helpers/rails_helper.rb:43:in `collect'
  actionpack (3.2.18) lib/sprockets/helpers/rails_helper.rb:43:in `stylesheet_link_tag'
  app/views/layouts/application.html.erb:8:in `_app_views_layouts_application_html_erb___1278685133070838738_2190750300'
  actionpack (3.2.18) lib/action_view/template.rb:145:in `block in render'
  activesupport (3.2.18) lib/active_support/notifications.rb:125:in `instrument'
  actionpack (3.2.18) lib/action_view/template.rb:143:in `render'
  actionpack (3.2.18) lib/action_view/renderer/template_renderer.rb:59:in `render_with_layout'
  actionpack (3.2.18) lib/action_view/renderer/template_renderer.rb:45:in `render_template'
  actionpack (3.2.18) lib/action_view/renderer/template_renderer.rb:18:in `render'
  actionpack (3.2.18) lib/action_view/renderer/renderer.rb:36:in `render_template'
  actionpack (3.2.18) lib/action_view/renderer/renderer.rb:17:in `render'
  actionpack (3.2.18) lib/abstract_controller/rendering.rb:110:in `_render_template'
  actionpack (3.2.18) lib/action_controller/metal/streaming.rb:225:in `_render_template'
  actionpack (3.2.18) lib/abstract_controller/rendering.rb:103:in `render_to_body'
  actionpack (3.2.18) lib/action_controller/metal/renderers.rb:28:in `render_to_body'
  actionpack (3.2.18) lib/action_controller/metal/compatibility.rb:50:in `render_to_body'
  actionpack (3.2.18) lib/abstract_controller/rendering.rb:88:in `render'
  actionpack (3.2.18) lib/action_controller/metal/rendering.rb:16:in `render'
  actionpack (3.2.18) lib/action_controller/metal/instrumentation.rb:40:in `block (2 levels) in render'
  activesupport (3.2.18) lib/active_support/core_ext/benchmark.rb:5:in `block in ms'
  /Users/tiffanykaiser/.rvm/rubies/ruby-2.0.0-p451/lib/ruby/2.0.0/benchmark.rb:296:in `realtime'
  activesupport (3.2.18) lib/active_support/core_ext/benchmark.rb:5:in `ms'
  actionpack (3.2.18) lib/action_controller/metal/instrumentation.rb:40:in `block in render'
  actionpack (3.2.18) lib/action_controller/metal/instrumentation.rb:83:in `cleanup_view_runtime'
  activerecord (3.2.18) lib/active_record/railties/controller_runtime.rb:24:in `cleanup_view_runtime'
  actionpack (3.2.18) lib/action_controller/metal/instrumentation.rb:39:in `render'
  actionpack (3.2.18) lib/action_controller/metal/implicit_render.rb:10:in `default_render'
  actionpack (3.2.18) lib/action_controller/metal/implicit_render.rb:5:in `send_action'
  actionpack (3.2.18) lib/abstract_controller/base.rb:167:in `process_action'
  actionpack (3.2.18) lib/action_controller/metal/rendering.rb:10:in `process_action'
  actionpack (3.2.18) lib/abstract_controller/callbacks.rb:18:in `block in process_action'
  activesupport (3.2.18) lib/active_support/callbacks.rb:414:in `_run__1137013081283470036__process_action__2572972023299277007__callbacks'
  activesupport (3.2.18) lib/active_support/callbacks.rb:405:in `__run_callback'
  activesupport (3.2.18) lib/active_support/callbacks.rb:385:in `_run_process_action_callbacks'
  activesupport (3.2.18) lib/active_support/callbacks.rb:81:in `run_callbacks'
  actionpack (3.2.18) lib/abstract_controller/callbacks.rb:17:in `process_action'
  actionpack (3.2.18) lib/action_controller/metal/rescue.rb:29:in `process_action'
  actionpack (3.2.18) lib/action_controller/metal/instrumentation.rb:30:in `block in process_action'
  activesupport (3.2.18) lib/active_support/notifications.rb:123:in `block in instrument'
  activesupport (3.2.18) lib/active_support/notifications/instrumenter.rb:20:in `instrument'
  activesupport (3.2.18) lib/active_support/notifications.rb:123:in `instrument'
  actionpack (3.2.18) lib/action_controller/metal/instrumentation.rb:29:in `process_action'
  actionpack (3.2.18) lib/action_controller/metal/params_wrapper.rb:207:in `process_action'
  activerecord (3.2.18) lib/active_record/railties/controller_runtime.rb:18:in `process_action'
  actionpack (3.2.18) lib/abstract_controller/base.rb:121:in `process'
  actionpack (3.2.18) lib/abstract_controller/rendering.rb:45:in `process'
  actionpack (3.2.18) lib/action_controller/metal.rb:203:in `dispatch'
  actionpack (3.2.18) lib/action_controller/metal/rack_delegation.rb:14:in `dispatch'
  actionpack (3.2.18) lib/action_controller/metal.rb:246:in `block in action'
  actionpack (3.2.18) lib/action_dispatch/routing/route_set.rb:73:in `call'
  actionpack (3.2.18) lib/action_dispatch/routing/route_set.rb:73:in `dispatch'
  actionpack (3.2.18) lib/action_dispatch/routing/route_set.rb:36:in `call'
  journey (1.0.4) lib/journey/router.rb:68:in `block in call'
  journey (1.0.4) lib/journey/router.rb:56:in `each'
  journey (1.0.4) lib/journey/router.rb:56:in `call'
  actionpack (3.2.18) lib/action_dispatch/routing/route_set.rb:608:in `call'
  actionpack (3.2.18) lib/action_dispatch/middleware/best_standards_support.rb:17:in `call'
  rack (1.4.5) lib/rack/etag.rb:23:in `call'
  rack (1.4.5) lib/rack/conditionalget.rb:25:in `call'
  actionpack (3.2.18) lib/action_dispatch/middleware/head.rb:14:in `call'
  actionpack (3.2.18) lib/action_dispatch/middleware/params_parser.rb:21:in `call'
  actionpack (3.2.18) lib/action_dispatch/middleware/flash.rb:242:in `call'
  rack (1.4.5) lib/rack/session/abstract/id.rb:210:in `context'
  rack (1.4.5) lib/rack/session/abstract/id.rb:205:in `call'
  actionpack (3.2.18) lib/action_dispatch/middleware/cookies.rb:341:in `call'
  activerecord (3.2.18) lib/active_record/query_cache.rb:64:in `call'
  activerecord (3.2.18) lib/active_record/connection_adapters/abstract/connection_pool.rb:479:in `call'
  actionpack (3.2.18) lib/action_dispatch/middleware/callbacks.rb:28:in `block in call'
  activesupport (3.2.18) lib/active_support/callbacks.rb:405:in `_run__585188498191525867__call__2324225856851642290__callbacks'
  activesupport (3.2.18) lib/active_support/callbacks.rb:405:in `__run_callback'
  activesupport (3.2.18) lib/active_support/callbacks.rb:385:in `_run_call_callbacks'
  activesupport (3.2.18) lib/active_support/callbacks.rb:81:in `run_callbacks'
  actionpack (3.2.18) lib/action_dispatch/middleware/callbacks.rb:27:in `call'
  actionpack (3.2.18) lib/action_dispatch/middleware/reloader.rb:65:in `call'
  actionpack (3.2.18) lib/action_dispatch/middleware/remote_ip.rb:31:in `call'
  better_errors (1.1.0) lib/better_errors/middleware.rb:84:in `protected_app_call'
  better_errors (1.1.0) lib/better_errors/middleware.rb:79:in `better_errors_call'
  better_errors (1.1.0) lib/better_errors/middleware.rb:56:in `call'
  actionpack (3.2.18) lib/action_dispatch/middleware/debug_exceptions.rb:16:in `call'
  actionpack (3.2.18) lib/action_dispatch/middleware/show_exceptions.rb:56:in `call'
  railties (3.2.18) lib/rails/rack/logger.rb:32:in `call_app'
  railties (3.2.18) lib/rails/rack/logger.rb:16:in `block in call'
  activesupport (3.2.18) lib/active_support/tagged_logging.rb:22:in `tagged'
  railties (3.2.18) lib/rails/rack/logger.rb:16:in `call'
  actionpack (3.2.18) lib/action_dispatch/middleware/request_id.rb:22:in `call'
  rack (1.4.5) lib/rack/methodoverride.rb:21:in `call'
  rack (1.4.5) lib/rack/runtime.rb:17:in `call'
  activesupport (3.2.18) lib/active_support/cache/strategy/local_cache.rb:72:in `call'
  rack (1.4.5) lib/rack/lock.rb:15:in `call'
  actionpack (3.2.18) lib/action_dispatch/middleware/static.rb:63:in `call'
  railties (3.2.18) lib/rails/engine.rb:484:in `call'
  railties (3.2.18) lib/rails/application.rb:231:in `call'
  rack (1.4.5) lib/rack/content_length.rb:14:in `call'
  railties (3.2.18) lib/rails/rack/log_tailer.rb:17:in `call'
  rack (1.4.5) lib/rack/handler/webrick.rb:59:in `service'
  /Users/tiffanykaiser/.rvm/rubies/ruby-2.0.0-p451/lib/ruby/2.0.0/webrick/httpserver.rb:138:in `service'
  /Users/tiffanykaiser/.rvm/rubies/ruby-2.0.0-p451/lib/ruby/2.0.0/webrick/httpserver.rb:94:in `run'
  /Users/tiffanykaiser/.rvm/rubies/ruby-2.0.0-p451/lib/ruby/2.0.0/webrick/server.rb:295:in `block in start_thread'



Started POST "/__better_errors/2191209100/variables" for 127.0.0.1 at 2014-06-18 23:58:48 -0700


Started GET "/" for 127.0.0.1 at 2014-06-18 23:59:17 -0700
Processing by GraduatesController#index as HTML
  Rendered graduates/index.html.erb within layouts/application (0.1ms)
Warning. Error encountered while saving cache /Users/tiffanykaiser/Desktop/BootTrack/tmp/cache/sass/558d5d6b4dca6c39707ad1ebec062fbb9c93bbeb/style.css.scssc: can't dump anonymous class #<Class:0x00000103e81bc0>

Compiled style.css  (62ms)  (pid 95231)
Compiled application.css  (2ms)  (pid 95231)
Compiled map.js  (0ms)  (pid 95231)
Compiled application.js  (6ms)  (pid 95231)
Completed 200 OK in 260.4ms (Views: 260.1ms | ActiveRecord: 0.0ms)


Started GET "/assets/style.css?body=1" for 127.0.0.1 at 2014-06-18 23:59:17 -0700
Served asset /style.css - 200 OK (2ms)


Started GET "/assets/application.css?body=1" for 127.0.0.1 at 2014-06-18 23:59:17 -0700
Served asset /application.css - 304 Not Modified (6ms)


Started GET "/assets/jquery.js?body=1" for 127.0.0.1 at 2014-06-18 23:59:17 -0700
Served asset /jquery.js - 304 Not Modified (5ms)


Started GET "/assets/mustache.js?body=1" for 127.0.0.1 at 2014-06-18 23:59:17 -0700
Served asset /mustache.js - 304 Not Modified (4ms)


Started GET "/assets/controller.js?body=1" for 127.0.0.1 at 2014-06-18 23:59:17 -0700
Served asset /controller.js - 304 Not Modified (1ms)


Started GET "/assets/initialize.js?body=1" for 127.0.0.1 at 2014-06-18 23:59:17 -0700
Served asset /initialize.js - 304 Not Modified (1ms)


Started GET "/assets/map.js?body=1" for 127.0.0.1 at 2014-06-18 23:59:17 -0700
Served asset /map.js - 200 OK (2ms)


Started GET "/assets/normalize.css?body=1" for 127.0.0.1 at 2014-06-18 23:59:17 -0700
Served asset /normalize.css - 304 Not Modified (2ms)


Started GET "/assets/application.js?body=1" for 127.0.0.1 at 2014-06-18 23:59:17 -0700
Served asset /application.js - 304 Not Modified (14ms)


Started GET "/assets/jquery_ujs.js?body=1" for 127.0.0.1 at 2014-06-18 23:59:17 -0700
Served asset /jquery_ujs.js - 304 Not Modified (3ms)


Started GET "/assets/sf.jpg" for 127.0.0.1 at 2014-06-18 23:59:17 -0700
Served asset /sf.jpg - 304 Not Modified (23ms)


Started GET "/" for 127.0.0.1 at 2014-06-18 23:59:41 -0700
Processing by GraduatesController#index as HTML
  Rendered graduates/index.html.erb within layouts/application (0.0ms)
Warning. Error encountered while saving cache /Users/tiffanykaiser/Desktop/BootTrack/tmp/cache/sass/558d5d6b4dca6c39707ad1ebec062fbb9c93bbeb/style.css.scssc: can't dump anonymous class #<Class:0x00000103e81bc0>

Compiled style.css  (72ms)  (pid 95231)
Compiled application.css  (3ms)  (pid 95231)
Completed 200 OK in 94.5ms (Views: 94.3ms | ActiveRecord: 0.0ms)


Started GET "/assets/application.css?body=1" for 127.0.0.1 at 2014-06-18 23:59:41 -0700
Served asset /application.css - 304 Not Modified (4ms)


Started GET "/assets/style.css?body=1" for 127.0.0.1 at 2014-06-18 23:59:41 -0700
Served asset /style.css - 200 OK (3ms)


Started GET "/assets/jquery.js?body=1" for 127.0.0.1 at 2014-06-18 23:59:41 -0700
Served asset /jquery.js - 304 Not Modified (0ms)


Started GET "/assets/mustache.js?body=1" for 127.0.0.1 at 2014-06-18 23:59:41 -0700
Served asset /mustache.js - 304 Not Modified (0ms)


Started GET "/assets/jquery_ujs.js?body=1" for 127.0.0.1 at 2014-06-18 23:59:41 -0700
Served asset /jquery_ujs.js - 304 Not Modified (0ms)


Started GET "/assets/initialize.js?body=1" for 127.0.0.1 at 2014-06-18 23:59:41 -0700
Served asset /initialize.js - 304 Not Modified (0ms)


Started GET "/assets/map.js?body=1" for 127.0.0.1 at 2014-06-18 23:59:41 -0700
Served asset /map.js - 304 Not Modified (0ms)


Started GET "/assets/application.js?body=1" for 127.0.0.1 at 2014-06-18 23:59:41 -0700
Served asset /application.js - 304 Not Modified (0ms)


Started GET "/assets/controller.js?body=1" for 127.0.0.1 at 2014-06-18 23:59:41 -0700
Served asset /controller.js - 304 Not Modified (0ms)


Started GET "/assets/normalize.css?body=1" for 127.0.0.1 at 2014-06-18 23:59:41 -0700
Served asset /normalize.css - 304 Not Modified (0ms)


Started GET "/assets/sf.jpg" for 127.0.0.1 at 2014-06-18 23:59:41 -0700
Served asset /sf.jpg - 304 Not Modified (0ms)


Started GET "/graduates/search?campus=default&year=default" for 127.0.0.1 at 2014-06-19 00:00:29 -0700
Processing by GraduatesController#search as */*
  Parameters: {"campus"=>"default", "year"=>"default"}
  [1m[36mSQL (0.5ms)[0m  [1mSELECT "cohorts"."campus" FROM "cohorts" [0m
  [1m[35mSQL (0.9ms)[0m  SELECT extract(year from start_date) FROM "cohorts" 
  [1m[36mGraduate Load (5.7ms)[0m  [1mSELECT graduates.*, cohorts.start_date as start_date, cohorts.campus as campus FROM "graduates" INNER JOIN "cohorts" ON "cohorts"."id" = "graduates"."cohort_id" WHERE "cohorts"."campus" IN ('Chicago', 'San Francisco', 'New York City') AND (extract(year from start_date) IN ('2014','2013','2012','2011')) ORDER BY start_date DESC LIMIT 100[0m
Completed 200 OK in 228.2ms (Views: 0.2ms | ActiveRecord: 17.6ms)


Started GET "/graduates/search?campus=default&year=default" for 127.0.0.1 at 2014-06-19 00:01:56 -0700
Processing by GraduatesController#search as */*
  Parameters: {"campus"=>"default", "year"=>"default"}
  [1m[35mSQL (0.6ms)[0m  SELECT "cohorts"."campus" FROM "cohorts" 
  [1m[36mSQL (0.6ms)[0m  [1mSELECT extract(year from start_date) FROM "cohorts" [0m
  [1m[35mGraduate Load (4.2ms)[0m  SELECT graduates.*, cohorts.start_date as start_date, cohorts.campus as campus FROM "graduates" INNER JOIN "cohorts" ON "cohorts"."id" = "graduates"."cohort_id" WHERE "cohorts"."campus" IN ('Chicago', 'San Francisco', 'New York City') AND (extract(year from start_date) IN ('2014','2013','2012','2011')) ORDER BY start_date DESC LIMIT 100
Completed 200 OK in 74.0ms (Views: 0.1ms | ActiveRecord: 5.4ms)


Started GET "/graduates/search?campus=default&year=default" for 127.0.0.1 at 2014-06-19 00:04:29 -0700
Processing by GraduatesController#search as */*
  Parameters: {"campus"=>"default", "year"=>"default"}
  [1m[36mSQL (0.4ms)[0m  [1mSELECT "cohorts"."campus" FROM "cohorts" [0m
  [1m[35mSQL (0.5ms)[0m  SELECT extract(year from start_date) FROM "cohorts" 
  [1m[36mGraduate Load (4.7ms)[0m  [1mSELECT graduates.*, cohorts.start_date as start_date, cohorts.campus as campus FROM "graduates" INNER JOIN "cohorts" ON "cohorts"."id" = "graduates"."cohort_id" WHERE "cohorts"."campus" IN ('Chicago', 'San Francisco', 'New York City') AND (extract(year from start_date) IN ('2014','2013','2012','2011')) ORDER BY start_date DESC LIMIT 100[0m
Completed 200 OK in 65.7ms (Views: 0.1ms | ActiveRecord: 5.5ms)


Started GET "/" for 127.0.0.1 at 2014-06-19 00:04:46 -0700
Processing by GraduatesController#index as HTML
  Rendered graduates/index.html.erb within layouts/application (0.1ms)
Completed 500 Internal Server Error in 53.2ms

Sass::SyntaxError - Invalid CSS after "div": expected selector or at-rule, was "[data-comp="top..."
  (in /Users/tiffanykaiser/Desktop/BootTrack/app/assets/stylesheets/style.css.scss):
  app/assets/stylesheets/style.css.scss:8:in `'
  sass (3.3.8) lib/sass/scss/parser.rb:1312:in `expected'
  sass (3.3.8) lib/sass/scss/parser.rb:1248:in `expected'
  sass (3.3.8) lib/sass/scss/parser.rb:42:in `parse'
  sass (3.3.8) lib/sass/engine.rb:409:in `_to_tree'
  sass (3.3.8) lib/sass/engine.rb:274:in `render'
  sass-rails (3.2.6) lib/sass/rails/template_handlers.rb:106:in `evaluate'
  tilt (1.4.1) lib/tilt/template.rb:103:in `render'
  sprockets (2.2.2) lib/sprockets/context.rb:193:in `block in evaluate'
  sprockets (2.2.2) lib/sprockets/context.rb:190:in `each'
  sprockets (2.2.2) lib/sprockets/context.rb:190:in `evaluate'
  sprockets (2.2.2) lib/sprockets/processed_asset.rb:12:in `initialize'
  sprockets (2.2.2) lib/sprockets/base.rb:249:in `new'
  sprockets (2.2.2) lib/sprockets/base.rb:249:in `block in build_asset'
  sprockets (2.2.2) lib/sprockets/base.rb:270:in `circular_call_protection'
  sprockets (2.2.2) lib/sprockets/base.rb:248:in `build_asset'
  sprockets (2.2.2) lib/sprockets/index.rb:93:in `block in build_asset'
  sprockets (2.2.2) lib/sprockets/caching.rb:19:in `cache_asset'
  sprockets (2.2.2) lib/sprockets/index.rb:92:in `build_asset'
  sprockets (2.2.2) lib/sprockets/base.rb:169:in `find_asset'
  sprockets (2.2.2) lib/sprockets/index.rb:60:in `find_asset'
  sprockets (2.2.2) lib/sprockets/processed_asset.rb:44:in `block in init_with'
  sprockets (2.2.2) lib/sprockets/processed_asset.rb:37:in `map'
  sprockets (2.2.2) lib/sprockets/processed_asset.rb:37:in `init_with'
  sprockets (2.2.2) lib/sprockets/asset.rb:24:in `from_hash'
  sprockets (2.2.2) lib/sprockets/caching.rb:15:in `cache_asset'
  sprockets (2.2.2) lib/sprockets/index.rb:92:in `build_asset'
  sprockets (2.2.2) lib/sprockets/base.rb:169:in `find_asset'
  sprockets (2.2.2) lib/sprockets/index.rb:60:in `find_asset'
  sprockets (2.2.2) lib/sprockets/bundled_asset.rb:38:in `init_with'
  sprockets (2.2.2) lib/sprockets/asset.rb:24:in `from_hash'
  sprockets (2.2.2) lib/sprockets/caching.rb:15:in `cache_asset'
  sprockets (2.2.2) lib/sprockets/index.rb:92:in `build_asset'
  sprockets (2.2.2) lib/sprockets/base.rb:169:in `find_asset'
  sprockets (2.2.2) lib/sprockets/index.rb:60:in `find_asset'
  sprockets (2.2.2) lib/sprockets/environment.rb:78:in `find_asset'
  sprockets (2.2.2) lib/sprockets/base.rb:177:in `[]'
  actionpack (3.2.18) lib/sprockets/helpers/rails_helper.rb:126:in `asset_for'
  actionpack (3.2.18) lib/sprockets/helpers/rails_helper.rb:44:in `block in stylesheet_link_tag'
  actionpack (3.2.18) lib/sprockets/helpers/rails_helper.rb:43:in `collect'
  actionpack (3.2.18) lib/sprockets/helpers/rails_helper.rb:43:in `stylesheet_link_tag'
  app/views/layouts/application.html.erb:8:in `_app_views_layouts_application_html_erb___1278685133070838738_2190750300'
  actionpack (3.2.18) lib/action_view/template.rb:145:in `block in render'
  activesupport (3.2.18) lib/active_support/notifications.rb:125:in `instrument'
  actionpack (3.2.18) lib/action_view/template.rb:143:in `render'
  actionpack (3.2.18) lib/action_view/renderer/template_renderer.rb:59:in `render_with_layout'
  actionpack (3.2.18) lib/action_view/renderer/template_renderer.rb:45:in `render_template'
  actionpack (3.2.18) lib/action_view/renderer/template_renderer.rb:18:in `render'
  actionpack (3.2.18) lib/action_view/renderer/renderer.rb:36:in `render_template'
  actionpack (3.2.18) lib/action_view/renderer/renderer.rb:17:in `render'
  actionpack (3.2.18) lib/abstract_controller/rendering.rb:110:in `_render_template'
  actionpack (3.2.18) lib/action_controller/metal/streaming.rb:225:in `_render_template'
  actionpack (3.2.18) lib/abstract_controller/rendering.rb:103:in `render_to_body'
  actionpack (3.2.18) lib/action_controller/metal/renderers.rb:28:in `render_to_body'
  actionpack (3.2.18) lib/action_controller/metal/compatibility.rb:50:in `render_to_body'
  actionpack (3.2.18) lib/abstract_controller/rendering.rb:88:in `render'
  actionpack (3.2.18) lib/action_controller/metal/rendering.rb:16:in `render'
  actionpack (3.2.18) lib/action_controller/metal/instrumentation.rb:40:in `block (2 levels) in render'
  activesupport (3.2.18) lib/active_support/core_ext/benchmark.rb:5:in `block in ms'
  /Users/tiffanykaiser/.rvm/rubies/ruby-2.0.0-p451/lib/ruby/2.0.0/benchmark.rb:296:in `realtime'
  activesupport (3.2.18) lib/active_support/core_ext/benchmark.rb:5:in `ms'
  actionpack (3.2.18) lib/action_controller/metal/instrumentation.rb:40:in `block in render'
  actionpack (3.2.18) lib/action_controller/metal/instrumentation.rb:83:in `cleanup_view_runtime'
  activerecord (3.2.18) lib/active_record/railties/controller_runtime.rb:24:in `cleanup_view_runtime'
  actionpack (3.2.18) lib/action_controller/metal/instrumentation.rb:39:in `render'
  actionpack (3.2.18) lib/action_controller/metal/implicit_render.rb:10:in `default_render'
  actionpack (3.2.18) lib/action_controller/metal/implicit_render.rb:5:in `send_action'
  actionpack (3.2.18) lib/abstract_controller/base.rb:167:in `process_action'
  actionpack (3.2.18) lib/action_controller/metal/rendering.rb:10:in `process_action'
  actionpack (3.2.18) lib/abstract_controller/callbacks.rb:18:in `block in process_action'
  activesupport (3.2.18) lib/active_support/callbacks.rb:414:in `_run__1137013081283470036__process_action__2572972023299277007__callbacks'
  activesupport (3.2.18) lib/active_support/callbacks.rb:405:in `__run_callback'
  activesupport (3.2.18) lib/active_support/callbacks.rb:385:in `_run_process_action_callbacks'
  activesupport (3.2.18) lib/active_support/callbacks.rb:81:in `run_callbacks'
  actionpack (3.2.18) lib/abstract_controller/callbacks.rb:17:in `process_action'
  actionpack (3.2.18) lib/action_controller/metal/rescue.rb:29:in `process_action'
  actionpack (3.2.18) lib/action_controller/metal/instrumentation.rb:30:in `block in process_action'
  activesupport (3.2.18) lib/active_support/notifications.rb:123:in `block in instrument'
  activesupport (3.2.18) lib/active_support/notifications/instrumenter.rb:20:in `instrument'
  activesupport (3.2.18) lib/active_support/notifications.rb:123:in `instrument'
  actionpack (3.2.18) lib/action_controller/metal/instrumentation.rb:29:in `process_action'
  actionpack (3.2.18) lib/action_controller/metal/params_wrapper.rb:207:in `process_action'
  activerecord (3.2.18) lib/active_record/railties/controller_runtime.rb:18:in `process_action'
  actionpack (3.2.18) lib/abstract_controller/base.rb:121:in `process'
  actionpack (3.2.18) lib/abstract_controller/rendering.rb:45:in `process'
  actionpack (3.2.18) lib/action_controller/metal.rb:203:in `dispatch'
  actionpack (3.2.18) lib/action_controller/metal/rack_delegation.rb:14:in `dispatch'
  actionpack (3.2.18) lib/action_controller/metal.rb:246:in `block in action'
  actionpack (3.2.18) lib/action_dispatch/routing/route_set.rb:73:in `call'
  actionpack (3.2.18) lib/action_dispatch/routing/route_set.rb:73:in `dispatch'
  actionpack (3.2.18) lib/action_dispatch/routing/route_set.rb:36:in `call'
  journey (1.0.4) lib/journey/router.rb:68:in `block in call'
  journey (1.0.4) lib/journey/router.rb:56:in `each'
  journey (1.0.4) lib/journey/router.rb:56:in `call'
  actionpack (3.2.18) lib/action_dispatch/routing/route_set.rb:608:in `call'
  actionpack (3.2.18) lib/action_dispatch/middleware/best_standards_support.rb:17:in `call'
  rack (1.4.5) lib/rack/etag.rb:23:in `call'
  rack (1.4.5) lib/rack/conditionalget.rb:25:in `call'
  actionpack (3.2.18) lib/action_dispatch/middleware/head.rb:14:in `call'
  actionpack (3.2.18) lib/action_dispatch/middleware/params_parser.rb:21:in `call'
  actionpack (3.2.18) lib/action_dispatch/middleware/flash.rb:242:in `call'
  rack (1.4.5) lib/rack/session/abstract/id.rb:210:in `context'
  rack (1.4.5) lib/rack/session/abstract/id.rb:205:in `call'
  actionpack (3.2.18) lib/action_dispatch/middleware/cookies.rb:341:in `call'
  activerecord (3.2.18) lib/active_record/query_cache.rb:64:in `call'
  activerecord (3.2.18) lib/active_record/connection_adapters/abstract/connection_pool.rb:479:in `call'
  actionpack (3.2.18) lib/action_dispatch/middleware/callbacks.rb:28:in `block in call'
  activesupport (3.2.18) lib/active_support/callbacks.rb:405:in `_run__585188498191525867__call__2324225856851642290__callbacks'
  activesupport (3.2.18) lib/active_support/callbacks.rb:405:in `__run_callback'
  activesupport (3.2.18) lib/active_support/callbacks.rb:385:in `_run_call_callbacks'
  activesupport (3.2.18) lib/active_support/callbacks.rb:81:in `run_callbacks'
  actionpack (3.2.18) lib/action_dispatch/middleware/callbacks.rb:27:in `call'
  actionpack (3.2.18) lib/action_dispatch/middleware/reloader.rb:65:in `call'
  actionpack (3.2.18) lib/action_dispatch/middleware/remote_ip.rb:31:in `call'
  better_errors (1.1.0) lib/better_errors/middleware.rb:84:in `protected_app_call'
  better_errors (1.1.0) lib/better_errors/middleware.rb:79:in `better_errors_call'
  better_errors (1.1.0) lib/better_errors/middleware.rb:56:in `call'
  actionpack (3.2.18) lib/action_dispatch/middleware/debug_exceptions.rb:16:in `call'
  actionpack (3.2.18) lib/action_dispatch/middleware/show_exceptions.rb:56:in `call'
  railties (3.2.18) lib/rails/rack/logger.rb:32:in `call_app'
  railties (3.2.18) lib/rails/rack/logger.rb:16:in `block in call'
  activesupport (3.2.18) lib/active_support/tagged_logging.rb:22:in `tagged'
  railties (3.2.18) lib/rails/rack/logger.rb:16:in `call'
  actionpack (3.2.18) lib/action_dispatch/middleware/request_id.rb:22:in `call'
  rack (1.4.5) lib/rack/methodoverride.rb:21:in `call'
  rack (1.4.5) lib/rack/runtime.rb:17:in `call'
  activesupport (3.2.18) lib/active_support/cache/strategy/local_cache.rb:72:in `call'
  rack (1.4.5) lib/rack/lock.rb:15:in `call'
  actionpack (3.2.18) lib/action_dispatch/middleware/static.rb:63:in `call'
  railties (3.2.18) lib/rails/engine.rb:484:in `call'
  railties (3.2.18) lib/rails/application.rb:231:in `call'
  rack (1.4.5) lib/rack/content_length.rb:14:in `call'
  railties (3.2.18) lib/rails/rack/log_tailer.rb:17:in `call'
  rack (1.4.5) lib/rack/handler/webrick.rb:59:in `service'
  /Users/tiffanykaiser/.rvm/rubies/ruby-2.0.0-p451/lib/ruby/2.0.0/webrick/httpserver.rb:138:in `service'
  /Users/tiffanykaiser/.rvm/rubies/ruby-2.0.0-p451/lib/ruby/2.0.0/webrick/httpserver.rb:94:in `run'
  /Users/tiffanykaiser/.rvm/rubies/ruby-2.0.0-p451/lib/ruby/2.0.0/webrick/server.rb:295:in `block in start_thread'



Started POST "/__better_errors/2192847280/variables" for 127.0.0.1 at 2014-06-19 00:04:46 -0700


Started GET "/" for 127.0.0.1 at 2014-06-19 00:05:33 -0700
Processing by GraduatesController#index as HTML
  Rendered graduates/index.html.erb within layouts/application (0.1ms)
Completed 500 Internal Server Error in 12.5ms

Sass::SyntaxError - Invalid CSS after "div": expected selector or at-rule, was "[data-comp="top..."
  (in /Users/tiffanykaiser/Desktop/BootTrack/app/assets/stylesheets/style.css.scss):
  app/assets/stylesheets/style.css.scss:8:in `'
  sass (3.3.8) lib/sass/scss/parser.rb:1312:in `expected'
  sass (3.3.8) lib/sass/scss/parser.rb:1248:in `expected'
  sass (3.3.8) lib/sass/scss/parser.rb:42:in `parse'
  sass (3.3.8) lib/sass/engine.rb:409:in `_to_tree'
  sass (3.3.8) lib/sass/engine.rb:274:in `render'
  sass-rails (3.2.6) lib/sass/rails/template_handlers.rb:106:in `evaluate'
  tilt (1.4.1) lib/tilt/template.rb:103:in `render'
  sprockets (2.2.2) lib/sprockets/context.rb:193:in `block in evaluate'
  sprockets (2.2.2) lib/sprockets/context.rb:190:in `each'
  sprockets (2.2.2) lib/sprockets/context.rb:190:in `evaluate'
  sprockets (2.2.2) lib/sprockets/processed_asset.rb:12:in `initialize'
  sprockets (2.2.2) lib/sprockets/base.rb:249:in `new'
  sprockets (2.2.2) lib/sprockets/base.rb:249:in `block in build_asset'
  sprockets (2.2.2) lib/sprockets/base.rb:270:in `circular_call_protection'
  sprockets (2.2.2) lib/sprockets/base.rb:248:in `build_asset'
  sprockets (2.2.2) lib/sprockets/index.rb:93:in `block in build_asset'
  sprockets (2.2.2) lib/sprockets/caching.rb:19:in `cache_asset'
  sprockets (2.2.2) lib/sprockets/index.rb:92:in `build_asset'
  sprockets (2.2.2) lib/sprockets/base.rb:169:in `find_asset'
  sprockets (2.2.2) lib/sprockets/index.rb:60:in `find_asset'
  sprockets (2.2.2) lib/sprockets/processed_asset.rb:44:in `block in init_with'
  sprockets (2.2.2) lib/sprockets/processed_asset.rb:37:in `map'
  sprockets (2.2.2) lib/sprockets/processed_asset.rb:37:in `init_with'
  sprockets (2.2.2) lib/sprockets/asset.rb:24:in `from_hash'
  sprockets (2.2.2) lib/sprockets/caching.rb:15:in `cache_asset'
  sprockets (2.2.2) lib/sprockets/index.rb:92:in `build_asset'
  sprockets (2.2.2) lib/sprockets/base.rb:169:in `find_asset'
  sprockets (2.2.2) lib/sprockets/index.rb:60:in `find_asset'
  sprockets (2.2.2) lib/sprockets/bundled_asset.rb:38:in `init_with'
  sprockets (2.2.2) lib/sprockets/asset.rb:24:in `from_hash'
  sprockets (2.2.2) lib/sprockets/caching.rb:15:in `cache_asset'
  sprockets (2.2.2) lib/sprockets/index.rb:92:in `build_asset'
  sprockets (2.2.2) lib/sprockets/base.rb:169:in `find_asset'
  sprockets (2.2.2) lib/sprockets/index.rb:60:in `find_asset'
  sprockets (2.2.2) lib/sprockets/environment.rb:78:in `find_asset'
  sprockets (2.2.2) lib/sprockets/base.rb:177:in `[]'
  actionpack (3.2.18) lib/sprockets/helpers/rails_helper.rb:126:in `asset_for'
  actionpack (3.2.18) lib/sprockets/helpers/rails_helper.rb:44:in `block in stylesheet_link_tag'
  actionpack (3.2.18) lib/sprockets/helpers/rails_helper.rb:43:in `collect'
  actionpack (3.2.18) lib/sprockets/helpers/rails_helper.rb:43:in `stylesheet_link_tag'
  app/views/layouts/application.html.erb:8:in `_app_views_layouts_application_html_erb___1278685133070838738_2190750300'
  actionpack (3.2.18) lib/action_view/template.rb:145:in `block in render'
  activesupport (3.2.18) lib/active_support/notifications.rb:125:in `instrument'
  actionpack (3.2.18) lib/action_view/template.rb:143:in `render'
  actionpack (3.2.18) lib/action_view/renderer/template_renderer.rb:59:in `render_with_layout'
  actionpack (3.2.18) lib/action_view/renderer/template_renderer.rb:45:in `render_template'
  actionpack (3.2.18) lib/action_view/renderer/template_renderer.rb:18:in `render'
  actionpack (3.2.18) lib/action_view/renderer/renderer.rb:36:in `render_template'
  actionpack (3.2.18) lib/action_view/renderer/renderer.rb:17:in `render'
  actionpack (3.2.18) lib/abstract_controller/rendering.rb:110:in `_render_template'
  actionpack (3.2.18) lib/action_controller/metal/streaming.rb:225:in `_render_template'
  actionpack (3.2.18) lib/abstract_controller/rendering.rb:103:in `render_to_body'
  actionpack (3.2.18) lib/action_controller/metal/renderers.rb:28:in `render_to_body'
  actionpack (3.2.18) lib/action_controller/metal/compatibility.rb:50:in `render_to_body'
  actionpack (3.2.18) lib/abstract_controller/rendering.rb:88:in `render'
  actionpack (3.2.18) lib/action_controller/metal/rendering.rb:16:in `render'
  actionpack (3.2.18) lib/action_controller/metal/instrumentation.rb:40:in `block (2 levels) in render'
  activesupport (3.2.18) lib/active_support/core_ext/benchmark.rb:5:in `block in ms'
  /Users/tiffanykaiser/.rvm/rubies/ruby-2.0.0-p451/lib/ruby/2.0.0/benchmark.rb:296:in `realtime'
  activesupport (3.2.18) lib/active_support/core_ext/benchmark.rb:5:in `ms'
  actionpack (3.2.18) lib/action_controller/metal/instrumentation.rb:40:in `block in render'
  actionpack (3.2.18) lib/action_controller/metal/instrumentation.rb:83:in `cleanup_view_runtime'
  activerecord (3.2.18) lib/active_record/railties/controller_runtime.rb:24:in `cleanup_view_runtime'
  actionpack (3.2.18) lib/action_controller/metal/instrumentation.rb:39:in `render'
  actionpack (3.2.18) lib/action_controller/metal/implicit_render.rb:10:in `default_render'
  actionpack (3.2.18) lib/action_controller/metal/implicit_render.rb:5:in `send_action'
  actionpack (3.2.18) lib/abstract_controller/base.rb:167:in `process_action'
  actionpack (3.2.18) lib/action_controller/metal/rendering.rb:10:in `process_action'
  actionpack (3.2.18) lib/abstract_controller/callbacks.rb:18:in `block in process_action'
  activesupport (3.2.18) lib/active_support/callbacks.rb:414:in `_run__1137013081283470036__process_action__2572972023299277007__callbacks'
  activesupport (3.2.18) lib/active_support/callbacks.rb:405:in `__run_callback'
  activesupport (3.2.18) lib/active_support/callbacks.rb:385:in `_run_process_action_callbacks'
  activesupport (3.2.18) lib/active_support/callbacks.rb:81:in `run_callbacks'
  actionpack (3.2.18) lib/abstract_controller/callbacks.rb:17:in `process_action'
  actionpack (3.2.18) lib/action_controller/metal/rescue.rb:29:in `process_action'
  actionpack (3.2.18) lib/action_controller/metal/instrumentation.rb:30:in `block in process_action'
  activesupport (3.2.18) lib/active_support/notifications.rb:123:in `block in instrument'
  activesupport (3.2.18) lib/active_support/notifications/instrumenter.rb:20:in `instrument'
  activesupport (3.2.18) lib/active_support/notifications.rb:123:in `instrument'
  actionpack (3.2.18) lib/action_controller/metal/instrumentation.rb:29:in `process_action'
  actionpack (3.2.18) lib/action_controller/metal/params_wrapper.rb:207:in `process_action'
  activerecord (3.2.18) lib/active_record/railties/controller_runtime.rb:18:in `process_action'
  actionpack (3.2.18) lib/abstract_controller/base.rb:121:in `process'
  actionpack (3.2.18) lib/abstract_controller/rendering.rb:45:in `process'
  actionpack (3.2.18) lib/action_controller/metal.rb:203:in `dispatch'
  actionpack (3.2.18) lib/action_controller/metal/rack_delegation.rb:14:in `dispatch'
  actionpack (3.2.18) lib/action_controller/metal.rb:246:in `block in action'
  actionpack (3.2.18) lib/action_dispatch/routing/route_set.rb:73:in `call'
  actionpack (3.2.18) lib/action_dispatch/routing/route_set.rb:73:in `dispatch'
  actionpack (3.2.18) lib/action_dispatch/routing/route_set.rb:36:in `call'
  journey (1.0.4) lib/journey/router.rb:68:in `block in call'
  journey (1.0.4) lib/journey/router.rb:56:in `each'
  journey (1.0.4) lib/journey/router.rb:56:in `call'
  actionpack (3.2.18) lib/action_dispatch/routing/route_set.rb:608:in `call'
  actionpack (3.2.18) lib/action_dispatch/middleware/best_standards_support.rb:17:in `call'
  rack (1.4.5) lib/rack/etag.rb:23:in `call'
  rack (1.4.5) lib/rack/conditionalget.rb:25:in `call'
  actionpack (3.2.18) lib/action_dispatch/middleware/head.rb:14:in `call'
  actionpack (3.2.18) lib/action_dispatch/middleware/params_parser.rb:21:in `call'
  actionpack (3.2.18) lib/action_dispatch/middleware/flash.rb:242:in `call'
  rack (1.4.5) lib/rack/session/abstract/id.rb:210:in `context'
  rack (1.4.5) lib/rack/session/abstract/id.rb:205:in `call'
  actionpack (3.2.18) lib/action_dispatch/middleware/cookies.rb:341:in `call'
  activerecord (3.2.18) lib/active_record/query_cache.rb:64:in `call'
  activerecord (3.2.18) lib/active_record/connection_adapters/abstract/connection_pool.rb:479:in `call'
  actionpack (3.2.18) lib/action_dispatch/middleware/callbacks.rb:28:in `block in call'
  activesupport (3.2.18) lib/active_support/callbacks.rb:405:in `_run__585188498191525867__call__2324225856851642290__callbacks'
  activesupport (3.2.18) lib/active_support/callbacks.rb:405:in `__run_callback'
  activesupport (3.2.18) lib/active_support/callbacks.rb:385:in `_run_call_callbacks'
  activesupport (3.2.18) lib/active_support/callbacks.rb:81:in `run_callbacks'
  actionpack (3.2.18) lib/action_dispatch/middleware/callbacks.rb:27:in `call'
  actionpack (3.2.18) lib/action_dispatch/middleware/reloader.rb:65:in `call'
  actionpack (3.2.18) lib/action_dispatch/middleware/remote_ip.rb:31:in `call'
  better_errors (1.1.0) lib/better_errors/middleware.rb:84:in `protected_app_call'
  better_errors (1.1.0) lib/better_errors/middleware.rb:79:in `better_errors_call'
  better_errors (1.1.0) lib/better_errors/middleware.rb:56:in `call'
  actionpack (3.2.18) lib/action_dispatch/middleware/debug_exceptions.rb:16:in `call'
  actionpack (3.2.18) lib/action_dispatch/middleware/show_exceptions.rb:56:in `call'
  railties (3.2.18) lib/rails/rack/logger.rb:32:in `call_app'
  railties (3.2.18) lib/rails/rack/logger.rb:16:in `block in call'
  activesupport (3.2.18) lib/active_support/tagged_logging.rb:22:in `tagged'
  railties (3.2.18) lib/rails/rack/logger.rb:16:in `call'
  actionpack (3.2.18) lib/action_dispatch/middleware/request_id.rb:22:in `call'
  rack (1.4.5) lib/rack/methodoverride.rb:21:in `call'
  rack (1.4.5) lib/rack/runtime.rb:17:in `call'
  activesupport (3.2.18) lib/active_support/cache/strategy/local_cache.rb:72:in `call'
  rack (1.4.5) lib/rack/lock.rb:15:in `call'
  actionpack (3.2.18) lib/action_dispatch/middleware/static.rb:63:in `call'
  railties (3.2.18) lib/rails/engine.rb:484:in `call'
  railties (3.2.18) lib/rails/application.rb:231:in `call'
  rack (1.4.5) lib/rack/content_length.rb:14:in `call'
  railties (3.2.18) lib/rails/rack/log_tailer.rb:17:in `call'
  rack (1.4.5) lib/rack/handler/webrick.rb:59:in `service'
  /Users/tiffanykaiser/.rvm/rubies/ruby-2.0.0-p451/lib/ruby/2.0.0/webrick/httpserver.rb:138:in `service'
  /Users/tiffanykaiser/.rvm/rubies/ruby-2.0.0-p451/lib/ruby/2.0.0/webrick/httpserver.rb:94:in `run'
  /Users/tiffanykaiser/.rvm/rubies/ruby-2.0.0-p451/lib/ruby/2.0.0/webrick/server.rb:295:in `block in start_thread'



Started POST "/__better_errors/2193323200/variables" for 127.0.0.1 at 2014-06-19 00:05:34 -0700


Started GET "/" for 127.0.0.1 at 2014-06-19 00:06:05 -0700
Processing by GraduatesController#index as HTML
  Rendered graduates/index.html.erb within layouts/application (0.0ms)
Warning. Error encountered while saving cache /Users/tiffanykaiser/Desktop/BootTrack/tmp/cache/sass/558d5d6b4dca6c39707ad1ebec062fbb9c93bbeb/style.css.scssc: can't dump anonymous class #<Class:0x00000103e81bc0>

Compiled style.css  (63ms)  (pid 95231)
Compiled application.css  (2ms)  (pid 95231)
Completed 200 OK in 84.5ms (Views: 84.2ms | ActiveRecord: 0.0ms)


Started GET "/assets/application.css?body=1" for 127.0.0.1 at 2014-06-19 00:06:05 -0700
Served asset /application.css - 304 Not Modified (5ms)


Started GET "/assets/style.css?body=1" for 127.0.0.1 at 2014-06-19 00:06:05 -0700
Served asset /style.css - 200 OK (3ms)


Started GET "/assets/jquery_ujs.js?body=1" for 127.0.0.1 at 2014-06-19 00:06:05 -0700
Served asset /jquery_ujs.js - 304 Not Modified (0ms)


Started GET "/assets/jquery.js?body=1" for 127.0.0.1 at 2014-06-19 00:06:05 -0700
Served asset /jquery.js - 304 Not Modified (0ms)


Started GET "/assets/mustache.js?body=1" for 127.0.0.1 at 2014-06-19 00:06:05 -0700
Served asset /mustache.js - 304 Not Modified (0ms)


Started GET "/assets/initialize.js?body=1" for 127.0.0.1 at 2014-06-19 00:06:05 -0700
Served asset /initialize.js - 304 Not Modified (0ms)


Started GET "/assets/map.js?body=1" for 127.0.0.1 at 2014-06-19 00:06:05 -0700
Served asset /map.js - 304 Not Modified (0ms)


Started GET "/assets/application.js?body=1" for 127.0.0.1 at 2014-06-19 00:06:05 -0700
Served asset /application.js - 304 Not Modified (0ms)


Started GET "/assets/normalize.css?body=1" for 127.0.0.1 at 2014-06-19 00:06:05 -0700
Served asset /normalize.css - 304 Not Modified (0ms)


Started GET "/assets/controller.js?body=1" for 127.0.0.1 at 2014-06-19 00:06:05 -0700
Served asset /controller.js - 304 Not Modified (0ms)


Started GET "/assets/sf.jpg" for 127.0.0.1 at 2014-06-19 00:06:06 -0700
Served asset /sf.jpg - 304 Not Modified (0ms)


Started GET "/graduates/search?campus=default&year=default" for 127.0.0.1 at 2014-06-19 00:06:08 -0700
Processing by GraduatesController#search as */*
  Parameters: {"campus"=>"default", "year"=>"default"}
  [1m[35mSQL (1.0ms)[0m  SELECT "cohorts"."campus" FROM "cohorts" 
  [1m[36mSQL (0.6ms)[0m  [1mSELECT extract(year from start_date) FROM "cohorts" [0m
  [1m[35mGraduate Load (4.1ms)[0m  SELECT graduates.*, cohorts.start_date as start_date, cohorts.campus as campus FROM "graduates" INNER JOIN "cohorts" ON "cohorts"."id" = "graduates"."cohort_id" WHERE "cohorts"."campus" IN ('Chicago', 'San Francisco', 'New York City') AND (extract(year from start_date) IN ('2014','2013','2012','2011')) ORDER BY start_date DESC LIMIT 100
Completed 200 OK in 67.3ms (Views: 0.2ms | ActiveRecord: 5.7ms)


Started GET "/" for 127.0.0.1 at 2014-06-19 00:06:28 -0700
Processing by GraduatesController#index as HTML
  Rendered graduates/index.html.erb within layouts/application (0.0ms)
Warning. Error encountered while saving cache /Users/tiffanykaiser/Desktop/BootTrack/tmp/cache/sass/558d5d6b4dca6c39707ad1ebec062fbb9c93bbeb/style.css.scssc: can't dump anonymous class #<Class:0x00000103e81bc0>

Compiled style.css  (152ms)  (pid 95231)
Compiled application.css  (2ms)  (pid 95231)
Completed 200 OK in 176.2ms (Views: 176.0ms | ActiveRecord: 0.0ms)


Started GET "/assets/application.css?body=1" for 127.0.0.1 at 2014-06-19 00:06:29 -0700
Served asset /application.css - 304 Not Modified (4ms)


Started GET "/assets/style.css?body=1" for 127.0.0.1 at 2014-06-19 00:06:29 -0700
Served asset /style.css - 200 OK (2ms)


Started GET "/assets/jquery.js?body=1" for 127.0.0.1 at 2014-06-19 00:06:29 -0700
Served asset /jquery.js - 304 Not Modified (0ms)


Started GET "/assets/jquery_ujs.js?body=1" for 127.0.0.1 at 2014-06-19 00:06:29 -0700
Served asset /jquery_ujs.js - 304 Not Modified (0ms)


Started GET "/assets/mustache.js?body=1" for 127.0.0.1 at 2014-06-19 00:06:29 -0700
Served asset /mustache.js - 304 Not Modified (0ms)


Started GET "/assets/controller.js?body=1" for 127.0.0.1 at 2014-06-19 00:06:29 -0700
Served asset /controller.js - 304 Not Modified (0ms)


Started GET "/assets/map.js?body=1" for 127.0.0.1 at 2014-06-19 00:06:29 -0700
Served asset /map.js - 304 Not Modified (0ms)


Started GET "/assets/application.js?body=1" for 127.0.0.1 at 2014-06-19 00:06:29 -0700
Served asset /application.js - 304 Not Modified (0ms)


Started GET "/assets/initialize.js?body=1" for 127.0.0.1 at 2014-06-19 00:06:29 -0700
Served asset /initialize.js - 304 Not Modified (0ms)


Started GET "/assets/normalize.css?body=1" for 127.0.0.1 at 2014-06-19 00:06:29 -0700
Served asset /normalize.css - 304 Not Modified (0ms)


Started GET "/assets/sf.jpg" for 127.0.0.1 at 2014-06-19 00:06:29 -0700
Served asset /sf.jpg - 304 Not Modified (0ms)


Started GET "/graduates/search?campus=default&year=default" for 127.0.0.1 at 2014-06-19 00:06:30 -0700
Processing by GraduatesController#search as */*
  Parameters: {"campus"=>"default", "year"=>"default"}
  [1m[36mSQL (0.4ms)[0m  [1mSELECT "cohorts"."campus" FROM "cohorts" [0m
  [1m[35mSQL (0.5ms)[0m  SELECT extract(year from start_date) FROM "cohorts" 
  [1m[36mGraduate Load (4.3ms)[0m  [1mSELECT graduates.*, cohorts.start_date as start_date, cohorts.campus as campus FROM "graduates" INNER JOIN "cohorts" ON "cohorts"."id" = "graduates"."cohort_id" WHERE "cohorts"."campus" IN ('Chicago', 'San Francisco', 'New York City') AND (extract(year from start_date) IN ('2014','2013','2012','2011')) ORDER BY start_date DESC LIMIT 100[0m
Completed 200 OK in 67.2ms (Views: 0.3ms | ActiveRecord: 5.2ms)


Started GET "/" for 127.0.0.1 at 2014-06-19 00:06:41 -0700
Processing by GraduatesController#index as HTML
  Rendered graduates/index.html.erb within layouts/application (0.0ms)
Warning. Error encountered while saving cache /Users/tiffanykaiser/Desktop/BootTrack/tmp/cache/sass/558d5d6b4dca6c39707ad1ebec062fbb9c93bbeb/style.css.scssc: can't dump anonymous class #<Class:0x00000103e81bc0>

Compiled style.css  (71ms)  (pid 95231)
Compiled application.css  (2ms)  (pid 95231)
Completed 200 OK in 92.3ms (Views: 92.0ms | ActiveRecord: 0.0ms)


Started GET "/assets/application.css?body=1" for 127.0.0.1 at 2014-06-19 00:06:42 -0700
Served asset /application.css - 304 Not Modified (15ms)


Started GET "/assets/style.css?body=1" for 127.0.0.1 at 2014-06-19 00:06:42 -0700
Served asset /style.css - 200 OK (8ms)


Started GET "/assets/jquery.js?body=1" for 127.0.0.1 at 2014-06-19 00:06:42 -0700
Served asset /jquery.js - 304 Not Modified (0ms)


Started GET "/assets/mustache.js?body=1" for 127.0.0.1 at 2014-06-19 00:06:42 -0700
Served asset /mustache.js - 304 Not Modified (0ms)


Started GET "/assets/jquery_ujs.js?body=1" for 127.0.0.1 at 2014-06-19 00:06:42 -0700
Served asset /jquery_ujs.js - 304 Not Modified (0ms)


Started GET "/assets/controller.js?body=1" for 127.0.0.1 at 2014-06-19 00:06:42 -0700
Served asset /controller.js - 304 Not Modified (0ms)


Started GET "/assets/map.js?body=1" for 127.0.0.1 at 2014-06-19 00:06:42 -0700
Served asset /map.js - 304 Not Modified (0ms)


Started GET "/assets/application.js?body=1" for 127.0.0.1 at 2014-06-19 00:06:42 -0700
Served asset /application.js - 304 Not Modified (0ms)


Started GET "/assets/initialize.js?body=1" for 127.0.0.1 at 2014-06-19 00:06:42 -0700
Served asset /initialize.js - 304 Not Modified (0ms)


Started GET "/assets/normalize.css?body=1" for 127.0.0.1 at 2014-06-19 00:06:42 -0700
Served asset /normalize.css - 304 Not Modified (0ms)


Started GET "/assets/sf.jpg" for 127.0.0.1 at 2014-06-19 00:06:42 -0700
Served asset /sf.jpg - 304 Not Modified (0ms)


Started GET "/graduates/search?campus=default&year=default" for 127.0.0.1 at 2014-06-19 00:06:43 -0700
Processing by GraduatesController#search as */*
  Parameters: {"campus"=>"default", "year"=>"default"}
  [1m[35mSQL (0.5ms)[0m  SELECT "cohorts"."campus" FROM "cohorts" 
  [1m[36mSQL (0.5ms)[0m  [1mSELECT extract(year from start_date) FROM "cohorts" [0m
  [1m[35mGraduate Load (80.0ms)[0m  SELECT graduates.*, cohorts.start_date as start_date, cohorts.campus as campus FROM "graduates" INNER JOIN "cohorts" ON "cohorts"."id" = "graduates"."cohort_id" WHERE "cohorts"."campus" IN ('Chicago', 'San Francisco', 'New York City') AND (extract(year from start_date) IN ('2014','2013','2012','2011')) ORDER BY start_date DESC LIMIT 100
Completed 200 OK in 150.3ms (Views: 0.3ms | ActiveRecord: 81.0ms)


Started GET "/" for 127.0.0.1 at 2014-06-19 00:07:25 -0700
Processing by GraduatesController#index as HTML
  Rendered graduates/index.html.erb within layouts/application (0.0ms)
Warning. Error encountered while saving cache /Users/tiffanykaiser/Desktop/BootTrack/tmp/cache/sass/558d5d6b4dca6c39707ad1ebec062fbb9c93bbeb/style.css.scssc: can't dump anonymous class #<Class:0x00000103e81bc0>

Compiled style.css  (79ms)  (pid 95231)
Compiled application.css  (2ms)  (pid 95231)
Completed 200 OK in 102.1ms (Views: 101.8ms | ActiveRecord: 0.0ms)


Started GET "/assets/application.css?body=1" for 127.0.0.1 at 2014-06-19 00:07:25 -0700
Served asset /application.css - 304 Not Modified (8ms)


Started GET "/assets/style.css?body=1" for 127.0.0.1 at 2014-06-19 00:07:25 -0700
Served asset /style.css - 200 OK (13ms)


Started GET "/assets/jquery.js?body=1" for 127.0.0.1 at 2014-06-19 00:07:25 -0700
Served asset /jquery.js - 304 Not Modified (0ms)


Started GET "/assets/jquery_ujs.js?body=1" for 127.0.0.1 at 2014-06-19 00:07:25 -0700
Served asset /jquery_ujs.js - 304 Not Modified (0ms)


Started GET "/assets/mustache.js?body=1" for 127.0.0.1 at 2014-06-19 00:07:25 -0700
Served asset /mustache.js - 304 Not Modified (0ms)


Started GET "/assets/normalize.css?body=1" for 127.0.0.1 at 2014-06-19 00:07:25 -0700
Served asset /normalize.css - 304 Not Modified (0ms)


Started GET "/assets/map.js?body=1" for 127.0.0.1 at 2014-06-19 00:07:25 -0700
Served asset /map.js - 304 Not Modified (0ms)


Started GET "/assets/initialize.js?body=1" for 127.0.0.1 at 2014-06-19 00:07:25 -0700
Served asset /initialize.js - 304 Not Modified (0ms)


Started GET "/assets/controller.js?body=1" for 127.0.0.1 at 2014-06-19 00:07:25 -0700
Served asset /controller.js - 304 Not Modified (0ms)


Started GET "/assets/application.js?body=1" for 127.0.0.1 at 2014-06-19 00:07:25 -0700
Served asset /application.js - 304 Not Modified (0ms)


Started GET "/assets/sf.jpg" for 127.0.0.1 at 2014-06-19 00:07:25 -0700
Served asset /sf.jpg - 304 Not Modified (0ms)


Started GET "/graduates/search?campus=default&year=default" for 127.0.0.1 at 2014-06-19 00:07:39 -0700
Processing by GraduatesController#search as */*
  Parameters: {"campus"=>"default", "year"=>"default"}
  [1m[36mSQL (0.5ms)[0m  [1mSELECT "cohorts"."campus" FROM "cohorts" [0m
  [1m[35mSQL (0.4ms)[0m  SELECT extract(year from start_date) FROM "cohorts" 
  [1m[36mGraduate Load (4.0ms)[0m  [1mSELECT graduates.*, cohorts.start_date as start_date, cohorts.campus as campus FROM "graduates" INNER JOIN "cohorts" ON "cohorts"."id" = "graduates"."cohort_id" WHERE "cohorts"."campus" IN ('Chicago', 'San Francisco', 'New York City') AND (extract(year from start_date) IN ('2014','2013','2012','2011')) ORDER BY start_date DESC LIMIT 100[0m
Completed 200 OK in 67.4ms (Views: 0.2ms | ActiveRecord: 4.9ms)


Started GET "/" for 127.0.0.1 at 2014-06-19 00:08:50 -0700
Processing by GraduatesController#index as HTML
  Rendered graduates/index.html.erb within layouts/application (0.1ms)
Completed 200 OK in 120.3ms (Views: 120.0ms | ActiveRecord: 0.0ms)


Started GET "/assets/normalize.css?body=1" for 127.0.0.1 at 2014-06-19 00:08:50 -0700
Served asset /normalize.css - 304 Not Modified (0ms)


Started GET "/assets/application.css?body=1" for 127.0.0.1 at 2014-06-19 00:08:50 -0700
Served asset /application.css - 304 Not Modified (0ms)


Started GET "/assets/style.css?body=1" for 127.0.0.1 at 2014-06-19 00:08:50 -0700
Served asset /style.css - 304 Not Modified (0ms)


Started GET "/assets/jquery_ujs.js?body=1" for 127.0.0.1 at 2014-06-19 00:08:50 -0700
Served asset /jquery_ujs.js - 304 Not Modified (0ms)


Started GET "/assets/mustache.js?body=1" for 127.0.0.1 at 2014-06-19 00:08:50 -0700
Served asset /mustache.js - 304 Not Modified (0ms)


Started GET "/assets/jquery.js?body=1" for 127.0.0.1 at 2014-06-19 00:08:50 -0700
Served asset /jquery.js - 304 Not Modified (0ms)


Started GET "/assets/initialize.js?body=1" for 127.0.0.1 at 2014-06-19 00:08:50 -0700
Served asset /initialize.js - 304 Not Modified (0ms)


Started GET "/assets/map.js?body=1" for 127.0.0.1 at 2014-06-19 00:08:50 -0700
Served asset /map.js - 304 Not Modified (0ms)


Started GET "/assets/application.js?body=1" for 127.0.0.1 at 2014-06-19 00:08:50 -0700
Served asset /application.js - 304 Not Modified (0ms)


Started GET "/assets/controller.js?body=1" for 127.0.0.1 at 2014-06-19 00:08:50 -0700
Served asset /controller.js - 304 Not Modified (0ms)


Started GET "/graduates/search?campus=default&year=default" for 127.0.0.1 at 2014-06-19 00:08:52 -0700
Processing by GraduatesController#search as */*
  Parameters: {"campus"=>"default", "year"=>"default"}
  [1m[35mSQL (0.6ms)[0m  SELECT "cohorts"."campus" FROM "cohorts" 
  [1m[36mSQL (0.5ms)[0m  [1mSELECT extract(year from start_date) FROM "cohorts" [0m
  [1m[35mGraduate Load (4.9ms)[0m  SELECT graduates.*, cohorts.start_date as start_date, cohorts.campus as campus FROM "graduates" INNER JOIN "cohorts" ON "cohorts"."id" = "graduates"."cohort_id" WHERE "cohorts"."campus" IN ('Chicago', 'San Francisco', 'New York City') AND (extract(year from start_date) IN ('2014','2013','2012','2011')) ORDER BY start_date DESC LIMIT 100
Completed 200 OK in 67.3ms (Views: 0.2ms | ActiveRecord: 6.0ms)


Started GET "/graduates/search?campus=default&year=default" for 127.0.0.1 at 2014-06-19 00:12:05 -0700
Processing by GraduatesController#search as */*
  Parameters: {"campus"=>"default", "year"=>"default"}
  [1m[36mSQL (0.5ms)[0m  [1mSELECT "cohorts"."campus" FROM "cohorts" [0m
  [1m[35mSQL (0.4ms)[0m  SELECT extract(year from start_date) FROM "cohorts" 
  [1m[36mGraduate Load (4.2ms)[0m  [1mSELECT graduates.*, cohorts.start_date as start_date, cohorts.campus as campus FROM "graduates" INNER JOIN "cohorts" ON "cohorts"."id" = "graduates"."cohort_id" WHERE "cohorts"."campus" IN ('Chicago', 'San Francisco', 'New York City') AND (extract(year from start_date) IN ('2014','2013','2012','2011')) ORDER BY start_date DESC LIMIT 100[0m
Completed 200 OK in 66.4ms (Views: 0.1ms | ActiveRecord: 5.1ms)


Started GET "/" for 127.0.0.1 at 2014-06-19 00:12:39 -0700
Processing by GraduatesController#index as HTML
  Rendered graduates/index.html.erb within layouts/application (0.0ms)
Warning. Error encountered while saving cache /Users/tiffanykaiser/Desktop/BootTrack/tmp/cache/sass/558d5d6b4dca6c39707ad1ebec062fbb9c93bbeb/style.css.scssc: can't dump anonymous class #<Class:0x00000103e81bc0>

Compiled style.css  (91ms)  (pid 95231)
Compiled application.css  (2ms)  (pid 95231)
Completed 200 OK in 148.3ms (Views: 148.1ms | ActiveRecord: 0.0ms)


Started GET "/assets/application.css?body=1" for 127.0.0.1 at 2014-06-19 00:12:39 -0700
Served asset /application.css - 304 Not Modified (5ms)


Started GET "/assets/style.css?body=1" for 127.0.0.1 at 2014-06-19 00:12:39 -0700
Served asset /style.css - 200 OK (105ms)


Started GET "/assets/jquery.js?body=1" for 127.0.0.1 at 2014-06-19 00:12:39 -0700
Served asset /jquery.js - 304 Not Modified (0ms)


Started GET "/assets/jquery_ujs.js?body=1" for 127.0.0.1 at 2014-06-19 00:12:39 -0700
Served asset /jquery_ujs.js - 304 Not Modified (0ms)


Started GET "/assets/mustache.js?body=1" for 127.0.0.1 at 2014-06-19 00:12:39 -0700
Served asset /mustache.js - 304 Not Modified (0ms)


Started GET "/assets/controller.js?body=1" for 127.0.0.1 at 2014-06-19 00:12:39 -0700
Served asset /controller.js - 304 Not Modified (0ms)


Started GET "/assets/normalize.css?body=1" for 127.0.0.1 at 2014-06-19 00:12:39 -0700
Served asset /normalize.css - 304 Not Modified (0ms)


Started GET "/assets/application.js?body=1" for 127.0.0.1 at 2014-06-19 00:12:39 -0700
Served asset /application.js - 304 Not Modified (0ms)


Started GET "/assets/initialize.js?body=1" for 127.0.0.1 at 2014-06-19 00:12:39 -0700
Served asset /initialize.js - 304 Not Modified (0ms)


Started GET "/assets/map.js?body=1" for 127.0.0.1 at 2014-06-19 00:12:39 -0700
Served asset /map.js - 304 Not Modified (0ms)


Started GET "/assets/sf.jpg" for 127.0.0.1 at 2014-06-19 00:12:39 -0700
Served asset /sf.jpg - 304 Not Modified (0ms)


Started GET "/graduates/search?campus=default&year=default" for 127.0.0.1 at 2014-06-19 00:12:40 -0700
Processing by GraduatesController#search as */*
  Parameters: {"campus"=>"default", "year"=>"default"}
  [1m[35mSQL (0.5ms)[0m  SELECT "cohorts"."campus" FROM "cohorts" 
  [1m[36mSQL (0.4ms)[0m  [1mSELECT extract(year from start_date) FROM "cohorts" [0m
  [1m[35mGraduate Load (4.2ms)[0m  SELECT graduates.*, cohorts.start_date as start_date, cohorts.campus as campus FROM "graduates" INNER JOIN "cohorts" ON "cohorts"."id" = "graduates"."cohort_id" WHERE "cohorts"."campus" IN ('Chicago', 'San Francisco', 'New York City') AND (extract(year from start_date) IN ('2014','2013','2012','2011')) ORDER BY start_date DESC LIMIT 100
Completed 200 OK in 66.0ms (Views: 0.2ms | ActiveRecord: 5.1ms)


Started GET "/" for 127.0.0.1 at 2014-06-19 00:12:50 -0700
Processing by GraduatesController#index as HTML
  Rendered graduates/index.html.erb within layouts/application (0.0ms)
Warning. Error encountered while saving cache /Users/tiffanykaiser/Desktop/BootTrack/tmp/cache/sass/558d5d6b4dca6c39707ad1ebec062fbb9c93bbeb/style.css.scssc: can't dump anonymous class #<Class:0x00000103e81bc0>

Compiled style.css  (67ms)  (pid 95231)
Compiled application.css  (2ms)  (pid 95231)
Completed 200 OK in 88.5ms (Views: 87.2ms | ActiveRecord: 0.0ms)


Started GET "/assets/jquery_ujs.js?body=1" for 127.0.0.1 at 2014-06-19 00:12:50 -0700
Served asset /jquery_ujs.js - 304 Not Modified (0ms)


Started GET "/assets/style.css?body=1" for 127.0.0.1 at 2014-06-19 00:12:50 -0700
Served asset /style.css - 200 OK (4ms)


Started GET "/assets/mustache.js?body=1" for 127.0.0.1 at 2014-06-19 00:12:50 -0700
Served asset /mustache.js - 304 Not Modified (0ms)


Started GET "/assets/jquery.js?body=1" for 127.0.0.1 at 2014-06-19 00:12:50 -0700
Served asset /jquery.js - 304 Not Modified (0ms)


Started GET "/assets/application.css?body=1" for 127.0.0.1 at 2014-06-19 00:12:50 -0700
Served asset /application.css - 304 Not Modified (5ms)


Started GET "/assets/initialize.js?body=1" for 127.0.0.1 at 2014-06-19 00:12:50 -0700
Served asset /initialize.js - 304 Not Modified (0ms)


Started GET "/assets/controller.js?body=1" for 127.0.0.1 at 2014-06-19 00:12:50 -0700
Served asset /controller.js - 304 Not Modified (0ms)


Started GET "/assets/map.js?body=1" for 127.0.0.1 at 2014-06-19 00:12:50 -0700
Served asset /map.js - 304 Not Modified (0ms)


Started GET "/assets/application.js?body=1" for 127.0.0.1 at 2014-06-19 00:12:50 -0700
Served asset /application.js - 304 Not Modified (0ms)


Started GET "/assets/normalize.css?body=1" for 127.0.0.1 at 2014-06-19 00:12:50 -0700
Served asset /normalize.css - 304 Not Modified (0ms)


Started GET "/assets/sf.jpg" for 127.0.0.1 at 2014-06-19 00:12:50 -0700
Served asset /sf.jpg - 304 Not Modified (0ms)


Started GET "/graduates/search?campus=default&year=default" for 127.0.0.1 at 2014-06-19 00:12:51 -0700
Processing by GraduatesController#search as */*
  Parameters: {"campus"=>"default", "year"=>"default"}
  [1m[36mSQL (0.5ms)[0m  [1mSELECT "cohorts"."campus" FROM "cohorts" [0m
  [1m[35mSQL (0.6ms)[0m  SELECT extract(year from start_date) FROM "cohorts" 
  [1m[36mGraduate Load (4.7ms)[0m  [1mSELECT graduates.*, cohorts.start_date as start_date, cohorts.campus as campus FROM "graduates" INNER JOIN "cohorts" ON "cohorts"."id" = "graduates"."cohort_id" WHERE "cohorts"."campus" IN ('Chicago', 'San Francisco', 'New York City') AND (extract(year from start_date) IN ('2014','2013','2012','2011')) ORDER BY start_date DESC LIMIT 100[0m
Completed 200 OK in 70.0ms (Views: 0.2ms | ActiveRecord: 5.8ms)
